<?xml version="1.0" encoding="UTF-8"?>
<!-- Generated by org.testng.reporters.JUnitXMLReporter -->
<testsuite hostname="DESKTOP-MM0A1QU" name="Regression1" tests="2" failures="1" timestamp="23 Nov 2017 07:34:44 GMT" time="17.765" errors="0">
  <testcase name="test1" time="10.091" classname="com.demo.loginTest.LoginTest"/>
  <testcase name="test6" time="0.0" classname="com.demo.PDirectory.Newadd">
    <failure type="java.lang.NullPointerException">
      <![CDATA[java.lang.NullPointerException
	at com.demo.PDirectory.Newadd.test6(Newadd.java:13)
... Removed 24 stack frames]]>
    </failure>
  </testcase> <!-- test6 -->
</testsuite> <!-- Regression1 -->
