<!DOCTYPE html PUBLIC "-//W3C//DTD XHTML 1.1//EN" "http://www.w3.org/TR/xhtml11/DTD/xhtml11.dtd">
<html xmlns="http://www.w3.org/1999/xhtml"><head><title>TestNG Report</title><style type="text/css">table {margin-bottom:10px;border-collapse:collapse;empty-cells:show}th,td {border:1px solid #009;padding:.25em .5em}th {vertical-align:bottom}td {vertical-align:top}table a {font-weight:bold}.stripe td {background-color: #E6EBF9}.num {text-align:right}.passedodd td {background-color: #3F3}.passedeven td {background-color: #0A0}.skippedodd td {background-color: #DDD}.skippedeven td {background-color: #CCC}.failedodd td,.attn {background-color: #F33}.failedeven td,.stripe .attn {background-color: #D00}.stacktrace {white-space:pre;font-family:monospace}.totop {font-size:85%;text-align:center;border-bottom:2px solid #000}</style></head><body><table><tr><th>Test</th><th># Passed</th><th># Skipped</th><th># Failed</th><th>Time (ms)</th><th>Included Groups</th><th>Excluded Groups</th></tr><tr><th colspan="7">Suite</th></tr><tr><td><a href="#t0">Test</a></td><td class="num">36</td><td class="num">0</td><td class="num attn">19</td><td class="num">930,611</td><td></td><td></td></tr></table><table><thead><tr><th>Class</th><th>Method</th><th>Start</th><th>Time (ms)</th></tr></thead><tbody><tr><th colspan="4">Suite</th></tr></tbody><tbody id="t0"><tr><th colspan="4">Test &#8212; failed</th></tr><tr class="failedeven"><td rowspan="9">com.test.dailypaper.Adddate</td><td><a href="#m0">adddate1</a></td><td rowspan="1">1512629609177</td><td rowspan="1">29716</td></tr><tr class="failedeven"><td><a href="#m1">adddate2</a></td><td rowspan="1">1512629638893</td><td rowspan="1">12880</td></tr><tr class="failedeven"><td><a href="#m2">adddate3</a></td><td rowspan="1">1512629651773</td><td rowspan="1">3016</td></tr><tr class="failedeven"><td><a href="#m3">adddate4</a></td><td rowspan="1">1512629654789</td><td rowspan="1">3031</td></tr><tr class="failedeven"><td><a href="#m4">adddate5</a></td><td rowspan="1">1512629657820</td><td rowspan="1">3047</td></tr><tr class="failedeven"><td><a href="#m5">adddate6</a></td><td rowspan="1">1512629660867</td><td rowspan="1">3015</td></tr><tr class="failedeven"><td><a href="#m6">adddate7</a></td><td rowspan="1">1512629663882</td><td rowspan="1">3032</td></tr><tr class="failedeven"><td><a href="#m7">adddate8</a></td><td rowspan="1">1512629666929</td><td rowspan="1">3016</td></tr><tr class="failedeven"><td><a href="#m8">adddate9</a></td><td rowspan="1">1512629669945</td><td rowspan="1">3063</td></tr><tr class="failedodd"><td rowspan="1">com.test.dailypaper.Dailytype</td><td><a href="#m9">type</a></td><td rowspan="1">1512629740200</td><td rowspan="1">22968</td></tr><tr class="failedeven"><td rowspan="3">com.test.paycheck.Addperson</td><td><a href="#m10">tick1</a></td><td rowspan="1">1512629918279</td><td rowspan="1">32769</td></tr><tr class="failedeven"><td><a href="#m11">tick2</a></td><td rowspan="1">1512629951048</td><td rowspan="1">3032</td></tr><tr class="failedeven"><td><a href="#m12">tick3</a></td><td rowspan="1">1512629954080</td><td rowspan="1">3015</td></tr><tr class="failedodd"><td rowspan="1">com.test.paycheck.Basicsalary</td><td><a href="#m13">salary1</a></td><td rowspan="1">1512629975303</td><td rowspan="1">32648</td></tr><tr class="failedeven"><td rowspan="2">com.test.record.Comment</td><td><a href="#m14">commentinput3</a></td><td rowspan="1">1512629307652</td><td rowspan="1">9963</td></tr><tr class="failedeven"><td><a href="#m15">commentinput4</a></td><td rowspan="1">1512629317615</td><td rowspan="1">10215</td></tr><tr class="failedodd"><td rowspan="1">com.test.record.Search</td><td><a href="#m16">searchfail3</a></td><td rowspan="1">1512629460131</td><td rowspan="1">3348</td></tr><tr class="failedeven"><td rowspan="2">com.test.record.State</td><td><a href="#m17">state6</a></td><td rowspan="1">1512629490250</td><td rowspan="1">97</td></tr><tr class="failedeven"><td><a href="#m18">state7</a></td><td rowspan="1">1512629490349</td><td rowspan="1">55</td></tr><tr><th colspan="4">Test &#8212; passed</th></tr><tr class="passedeven"><td rowspan="3">com.test.dailypaper.Allpaper</td><td><a href="#m19">all1</a></td><td rowspan="1">1512629691619</td><td rowspan="1">13136</td></tr><tr class="passedeven"><td><a href="#m20">all2</a></td><td rowspan="1">1512629704770</td><td rowspan="1">6617</td></tr><tr class="passedeven"><td><a href="#m21">all3</a></td><td rowspan="1">1512629711387</td><td rowspan="1">6602</td></tr><tr class="passedodd"><td rowspan="1">com.test.dailypaper.Page</td><td><a href="#m22">page</a></td><td rowspan="1">1512629783000</td><td rowspan="1">23081</td></tr><tr class="passedeven"><td rowspan="5">com.test.dailypaper.SearchDataProviderTest</td><td><a href="#m23">test1</a></td><td rowspan="5">1512629886194</td><td rowspan="5">3384</td></tr><tr class="passedeven"><td><a href="#m24">test1</a></td></tr><tr class="passedeven"><td><a href="#m25">test1</a></td></tr><tr class="passedeven"><td><a href="#m26">test1</a></td></tr><tr class="passedeven"><td><a href="#m27">test1</a></td></tr><tr class="passedodd"><td rowspan="3">com.test.dailypaper.Sort</td><td><a href="#m28">sort1</a></td><td rowspan="1">1512629824692</td><td rowspan="1">16521</td></tr><tr class="passedodd"><td><a href="#m29">sort2</a></td><td rowspan="1">1512629841229</td><td rowspan="1">6617</td></tr><tr class="passedodd"><td><a href="#m30">sort3</a></td><td rowspan="1">1512629847846</td><td rowspan="1">6603</td></tr><tr class="passedeven"><td rowspan="1">com.test.daohang.Click</td><td><a href="#m31">click</a></td><td rowspan="1">1512629187870</td><td rowspan="1">9913</td></tr><tr class="passedodd"><td rowspan="1">com.test.login.LoginPageTest</td><td><a href="#m32">test</a></td><td rowspan="1">1512629161750</td><td rowspan="1">3627</td></tr><tr class="passedeven"><td rowspan="1">com.test.paycheck.Basicsalary</td><td><a href="#m33">salary2</a></td><td rowspan="1">1512630007951</td><td rowspan="1">16447</td></tr><tr class="passedodd"><td rowspan="2">com.test.paycheck.Tick</td><td><a href="#m34">tick1</a></td><td rowspan="1">1512630044818</td><td rowspan="1">23108</td></tr><tr class="passedodd"><td><a href="#m35">tick2</a></td><td rowspan="1">1512630067942</td><td rowspan="1">6615</td></tr><tr class="passedeven"><td rowspan="2">com.test.record.Allrecord</td><td><a href="#m36">all1</a></td><td rowspan="1">1512629216586</td><td rowspan="1">13187</td></tr><tr class="passedeven"><td><a href="#m37">all2</a></td><td rowspan="1">1512629229788</td><td rowspan="1">16486</td></tr><tr class="passedodd"><td rowspan="4">com.test.record.Comment</td><td><a href="#m38">commentinput1</a></td><td rowspan="1">1512629287816</td><td rowspan="1">9936</td></tr><tr class="passedodd"><td><a href="#m39">commentinput2</a></td><td rowspan="1">1512629297752</td><td rowspan="1">9900</td></tr><tr class="passedodd"><td><a href="#m40">commentno</a></td><td rowspan="1">1512629284514</td><td rowspan="1">3302</td></tr><tr class="passedodd"><td><a href="#m41">commentyes</a></td><td rowspan="1">1512629264663</td><td rowspan="1">19851</td></tr><tr class="passedeven"><td rowspan="1">com.test.record.Details</td><td><a href="#m42">details</a></td><td rowspan="1">1512629346334</td><td rowspan="1">32709</td></tr><tr class="passedodd"><td rowspan="1">com.test.record.Detailsnew</td><td><a href="#m43">details</a></td><td rowspan="1">1512629401243</td><td rowspan="1">16633</td></tr><tr class="passedeven"><td rowspan="4">com.test.record.Search</td><td><a href="#m44">searchfail1</a></td><td rowspan="1">1512629453437</td><td rowspan="1">3363</td></tr><tr class="passedeven"><td><a href="#m45">searchfail2</a></td><td rowspan="1">1512629456800</td><td rowspan="1">3331</td></tr><tr class="passedeven"><td><a href="#m46">searchfail4</a></td><td rowspan="1">1512629463479</td><td rowspan="1">3316</td></tr><tr class="passedeven"><td><a href="#m47">searchsuccess</a></td><td rowspan="1">1512629440174</td><td rowspan="1">13263</td></tr><tr class="passedodd"><td rowspan="5">com.test.record.State</td><td><a href="#m48">state1</a></td><td rowspan="1">1512629490406</td><td rowspan="1">20087</td></tr><tr class="passedodd"><td><a href="#m49">state2</a></td><td rowspan="1">1512629510493</td><td rowspan="1">9977</td></tr><tr class="passedodd"><td><a href="#m50">state3</a></td><td rowspan="1">1512629520470</td><td rowspan="1">9986</td></tr><tr class="passedodd"><td><a href="#m51">state4</a></td><td rowspan="1">1512629530456</td><td rowspan="1">9970</td></tr><tr class="passedodd"><td><a href="#m52">state5</a></td><td rowspan="1">1512629540426</td><td rowspan="1">9933</td></tr><tr class="passedeven"><td rowspan="2">com.test.record.Update</td><td><a href="#m53">state1</a></td><td rowspan="1">1512629570433</td><td rowspan="1">13224</td></tr><tr class="passedeven"><td><a href="#m54">state2</a></td><td rowspan="1">1512629583657</td><td rowspan="1">6601</td></tr></tbody></table><h2>Test</h2><h3 id="m0">com.test.dailypaper.Adddate#adddate1</h3><table class="result"><tr><th>Exception</th></tr><tr><td><div class="stacktrace">java.lang.AssertionError: expected [true] but found [false]
	at com.test.dailypaper.Adddate.adddate1(Adddate.java:34)
... Removed 28 stack frames</div></td></tr></table><p class="totop"><a href="#summary">back to summary</a></p><h3 id="m1">com.test.dailypaper.Adddate#adddate2</h3><table class="result"><tr><th>Exception</th></tr><tr><td><div class="stacktrace">java.lang.AssertionError: expected [true] but found [false]
	at com.test.dailypaper.Adddate.adddate2(Adddate.java:47)
... Removed 28 stack frames</div></td></tr></table><p class="totop"><a href="#summary">back to summary</a></p><h3 id="m2">com.test.dailypaper.Adddate#adddate3</h3><table class="result"><tr><th>Exception</th></tr><tr><td><div class="stacktrace">org.openqa.selenium.NoSuchFrameException: No frame element found by name or id openinputiframe
Build info: version: &apos;3.6.0&apos;, revision: &apos;6fbf3ec767&apos;, time: &apos;2017-09-27T16:15:40.131Z&apos;
System info: host: &apos;DESKTOP-A9JBT3B&apos;, ip: &apos;192.168.204.1&apos;, os.name: &apos;Windows 10&apos;, os.arch: &apos;amd64&apos;, os.version: &apos;10.0&apos;, java.version: &apos;1.8.0_121&apos;
Driver info: driver.version: unknown
	at org.openqa.selenium.remote.RemoteWebDriver$RemoteTargetLocator.frame(RemoteWebDriver.java:925)
	at com.webtest.core.WebDriverEngine.enterFrame(WebDriverEngine.java:44)
	at com.test.dailypaper.Adddate.adddate3(Adddate.java:52)
... Removed 24 stack frames</div></td></tr></table><p class="totop"><a href="#summary">back to summary</a></p><h3 id="m3">com.test.dailypaper.Adddate#adddate4</h3><table class="result"><tr><th>Exception</th></tr><tr><td><div class="stacktrace">org.openqa.selenium.NoSuchFrameException: No frame element found by name or id openinputiframe
Build info: version: &apos;3.6.0&apos;, revision: &apos;6fbf3ec767&apos;, time: &apos;2017-09-27T16:15:40.131Z&apos;
System info: host: &apos;DESKTOP-A9JBT3B&apos;, ip: &apos;192.168.204.1&apos;, os.name: &apos;Windows 10&apos;, os.arch: &apos;amd64&apos;, os.version: &apos;10.0&apos;, java.version: &apos;1.8.0_121&apos;
Driver info: driver.version: unknown
	at org.openqa.selenium.remote.RemoteWebDriver$RemoteTargetLocator.frame(RemoteWebDriver.java:925)
	at com.webtest.core.WebDriverEngine.enterFrame(WebDriverEngine.java:44)
	at com.test.dailypaper.Adddate.adddate4(Adddate.java:66)
... Removed 24 stack frames</div></td></tr></table><p class="totop"><a href="#summary">back to summary</a></p><h3 id="m4">com.test.dailypaper.Adddate#adddate5</h3><table class="result"><tr><th>Exception</th></tr><tr><td><div class="stacktrace">org.openqa.selenium.NoSuchFrameException: No frame element found by name or id openinputiframe
Build info: version: &apos;3.6.0&apos;, revision: &apos;6fbf3ec767&apos;, time: &apos;2017-09-27T16:15:40.131Z&apos;
System info: host: &apos;DESKTOP-A9JBT3B&apos;, ip: &apos;192.168.204.1&apos;, os.name: &apos;Windows 10&apos;, os.arch: &apos;amd64&apos;, os.version: &apos;10.0&apos;, java.version: &apos;1.8.0_121&apos;
Driver info: driver.version: unknown
	at org.openqa.selenium.remote.RemoteWebDriver$RemoteTargetLocator.frame(RemoteWebDriver.java:925)
	at com.webtest.core.WebDriverEngine.enterFrame(WebDriverEngine.java:44)
	at com.test.dailypaper.Adddate.adddate5(Adddate.java:79)
... Removed 24 stack frames</div></td></tr></table><p class="totop"><a href="#summary">back to summary</a></p><h3 id="m5">com.test.dailypaper.Adddate#adddate6</h3><table class="result"><tr><th>Exception</th></tr><tr><td><div class="stacktrace">org.openqa.selenium.NoSuchFrameException: No frame element found by name or id openinputiframe
Build info: version: &apos;3.6.0&apos;, revision: &apos;6fbf3ec767&apos;, time: &apos;2017-09-27T16:15:40.131Z&apos;
System info: host: &apos;DESKTOP-A9JBT3B&apos;, ip: &apos;192.168.204.1&apos;, os.name: &apos;Windows 10&apos;, os.arch: &apos;amd64&apos;, os.version: &apos;10.0&apos;, java.version: &apos;1.8.0_121&apos;
Driver info: driver.version: unknown
	at org.openqa.selenium.remote.RemoteWebDriver$RemoteTargetLocator.frame(RemoteWebDriver.java:925)
	at com.webtest.core.WebDriverEngine.enterFrame(WebDriverEngine.java:44)
	at com.test.dailypaper.Adddate.adddate6(Adddate.java:95)
... Removed 24 stack frames</div></td></tr></table><p class="totop"><a href="#summary">back to summary</a></p><h3 id="m6">com.test.dailypaper.Adddate#adddate7</h3><table class="result"><tr><th>Exception</th></tr><tr><td><div class="stacktrace">org.openqa.selenium.NoSuchFrameException: No frame element found by name or id openinputiframe
Build info: version: &apos;3.6.0&apos;, revision: &apos;6fbf3ec767&apos;, time: &apos;2017-09-27T16:15:40.131Z&apos;
System info: host: &apos;DESKTOP-A9JBT3B&apos;, ip: &apos;192.168.204.1&apos;, os.name: &apos;Windows 10&apos;, os.arch: &apos;amd64&apos;, os.version: &apos;10.0&apos;, java.version: &apos;1.8.0_121&apos;
Driver info: driver.version: unknown
	at org.openqa.selenium.remote.RemoteWebDriver$RemoteTargetLocator.frame(RemoteWebDriver.java:925)
	at com.webtest.core.WebDriverEngine.enterFrame(WebDriverEngine.java:44)
	at com.test.dailypaper.Adddate.adddate7(Adddate.java:111)
... Removed 24 stack frames</div></td></tr></table><p class="totop"><a href="#summary">back to summary</a></p><h3 id="m7">com.test.dailypaper.Adddate#adddate8</h3><table class="result"><tr><th>Exception</th></tr><tr><td><div class="stacktrace">org.openqa.selenium.NoSuchFrameException: No frame element found by name or id openinputiframe
Build info: version: &apos;3.6.0&apos;, revision: &apos;6fbf3ec767&apos;, time: &apos;2017-09-27T16:15:40.131Z&apos;
System info: host: &apos;DESKTOP-A9JBT3B&apos;, ip: &apos;192.168.204.1&apos;, os.name: &apos;Windows 10&apos;, os.arch: &apos;amd64&apos;, os.version: &apos;10.0&apos;, java.version: &apos;1.8.0_121&apos;
Driver info: driver.version: unknown
	at org.openqa.selenium.remote.RemoteWebDriver$RemoteTargetLocator.frame(RemoteWebDriver.java:925)
	at com.webtest.core.WebDriverEngine.enterFrame(WebDriverEngine.java:44)
	at com.test.dailypaper.Adddate.adddate8(Adddate.java:125)
... Removed 24 stack frames</div></td></tr></table><p class="totop"><a href="#summary">back to summary</a></p><h3 id="m8">com.test.dailypaper.Adddate#adddate9</h3><table class="result"><tr><th>Exception</th></tr><tr><td><div class="stacktrace">org.openqa.selenium.NoSuchFrameException: No frame element found by name or id openinputiframe
Build info: version: &apos;3.6.0&apos;, revision: &apos;6fbf3ec767&apos;, time: &apos;2017-09-27T16:15:40.131Z&apos;
System info: host: &apos;DESKTOP-A9JBT3B&apos;, ip: &apos;192.168.204.1&apos;, os.name: &apos;Windows 10&apos;, os.arch: &apos;amd64&apos;, os.version: &apos;10.0&apos;, java.version: &apos;1.8.0_121&apos;
Driver info: driver.version: unknown
	at org.openqa.selenium.remote.RemoteWebDriver$RemoteTargetLocator.frame(RemoteWebDriver.java:925)
	at com.webtest.core.WebDriverEngine.enterFrame(WebDriverEngine.java:44)
	at com.test.dailypaper.Adddate.adddate9(Adddate.java:141)
... Removed 24 stack frames</div></td></tr></table><p class="totop"><a href="#summary">back to summary</a></p><h3 id="m9">com.test.dailypaper.Dailytype#type</h3><table class="result"><tr><th>Exception</th></tr><tr><td><div class="stacktrace">java.lang.AssertionError: expected [true] but found [false]
	at com.test.dailypaper.Dailytype.type(Dailytype.java:30)
... Removed 28 stack frames</div></td></tr></table><p class="totop"><a href="#summary">back to summary</a></p><h3 id="m10">com.test.paycheck.Addperson#tick1</h3><table class="result"><tr><th>Exception</th></tr><tr><td><div class="stacktrace">java.lang.AssertionError: expected [true] but found [false]
	at com.test.paycheck.Addperson.tick1(Addperson.java:31)
... Removed 28 stack frames</div></td></tr></table><p class="totop"><a href="#summary">back to summary</a></p><h3 id="m11">com.test.paycheck.Addperson#tick2</h3><table class="result"><tr><th>Exception</th></tr><tr><td><div class="stacktrace">org.openqa.selenium.NoSuchFrameException: No frame element found by name or id openinputiframe
Build info: version: &apos;3.6.0&apos;, revision: &apos;6fbf3ec767&apos;, time: &apos;2017-09-27T16:15:40.131Z&apos;
System info: host: &apos;DESKTOP-A9JBT3B&apos;, ip: &apos;192.168.204.1&apos;, os.name: &apos;Windows 10&apos;, os.arch: &apos;amd64&apos;, os.version: &apos;10.0&apos;, java.version: &apos;1.8.0_121&apos;
Driver info: driver.version: unknown
	at org.openqa.selenium.remote.RemoteWebDriver$RemoteTargetLocator.frame(RemoteWebDriver.java:925)
	at com.webtest.core.WebDriverEngine.enterFrame(WebDriverEngine.java:44)
	at com.test.paycheck.Addperson.tick2(Addperson.java:37)
... Removed 24 stack frames</div></td></tr></table><p class="totop"><a href="#summary">back to summary</a></p><h3 id="m12">com.test.paycheck.Addperson#tick3</h3><table class="result"><tr><th>Exception</th></tr><tr><td><div class="stacktrace">org.openqa.selenium.NoSuchFrameException: No frame element found by name or id openinputiframe
Build info: version: &apos;3.6.0&apos;, revision: &apos;6fbf3ec767&apos;, time: &apos;2017-09-27T16:15:40.131Z&apos;
System info: host: &apos;DESKTOP-A9JBT3B&apos;, ip: &apos;192.168.204.1&apos;, os.name: &apos;Windows 10&apos;, os.arch: &apos;amd64&apos;, os.version: &apos;10.0&apos;, java.version: &apos;1.8.0_121&apos;
Driver info: driver.version: unknown
	at org.openqa.selenium.remote.RemoteWebDriver$RemoteTargetLocator.frame(RemoteWebDriver.java:925)
	at com.webtest.core.WebDriverEngine.enterFrame(WebDriverEngine.java:44)
	at com.test.paycheck.Addperson.tick3(Addperson.java:46)
... Removed 24 stack frames</div></td></tr></table><p class="totop"><a href="#summary">back to summary</a></p><h3 id="m13">com.test.paycheck.Basicsalary#salary1</h3><table class="result"><tr><th>Exception</th></tr><tr><td><div class="stacktrace">java.lang.AssertionError: expected [true] but found [false]
	at com.test.paycheck.Basicsalary.salary1(Basicsalary.java:32)
... Removed 28 stack frames</div></td></tr></table><p class="totop"><a href="#summary">back to summary</a></p><h3 id="m14">com.test.record.Comment#commentinput3</h3><table class="result"><tr><th>Exception</th></tr><tr><td><div class="stacktrace">java.lang.AssertionError: expected [true] but found [false]
	at com.test.record.Comment.commentinput3(Comment.java:59)
... Removed 28 stack frames</div></td></tr></table><p class="totop"><a href="#summary">back to summary</a></p><h3 id="m15">com.test.record.Comment#commentinput4</h3><table class="result"><tr><th>Exception</th></tr><tr><td><div class="stacktrace">java.lang.AssertionError: expected [true] but found [false]
	at com.test.record.Comment.commentinput4(Comment.java:72)
... Removed 28 stack frames</div></td></tr></table><p class="totop"><a href="#summary">back to summary</a></p><h3 id="m16">com.test.record.Search#searchfail3</h3><table class="result"><tr><th>Exception</th></tr><tr><td><div class="stacktrace">java.lang.AssertionError: expected [true] but found [false]
	at com.test.record.Search.searchfail3(Search.java:46)
... Removed 28 stack frames</div></td></tr></table><p class="totop"><a href="#summary">back to summary</a></p><h3 id="m17">com.test.record.State#state6</h3><table class="result"><tr><th>Exception</th></tr><tr><td><div class="stacktrace">java.lang.AssertionError: expected [true] but found [false]
	at com.test.record.State.state6(State.java:66)
... Removed 28 stack frames</div></td></tr></table><p class="totop"><a href="#summary">back to summary</a></p><h3 id="m18">com.test.record.State#state7</h3><table class="result"><tr><th>Exception</th></tr><tr><td><div class="stacktrace">java.lang.AssertionError: expected [true] but found [false]
	at com.test.record.State.state7(State.java:74)
... Removed 28 stack frames</div></td></tr></table><p class="totop"><a href="#summary">back to summary</a></p><h3 id="m19">com.test.dailypaper.Allpaper#all1</h3><table class="result"></table><p class="totop"><a href="#summary">back to summary</a></p><h3 id="m20">com.test.dailypaper.Allpaper#all2</h3><table class="result"></table><p class="totop"><a href="#summary">back to summary</a></p><h3 id="m21">com.test.dailypaper.Allpaper#all3</h3><table class="result"></table><p class="totop"><a href="#summary">back to summary</a></p><h3 id="m22">com.test.dailypaper.Page#page</h3><table class="result"></table><p class="totop"><a href="#summary">back to summary</a></p><h3 id="m23">com.test.dailypaper.SearchDataProviderTest#test1</h3><table class="result"><tr class="param"><th>Parameter #1</th></tr><tr class="param stripe"><td>管理员</td></tr></table><p class="totop"><a href="#summary">back to summary</a></p><h3 id="m24">com.test.dailypaper.SearchDataProviderTest#test1</h3><table class="result"><tr class="param"><th>Parameter #1</th></tr><tr class="param stripe"><td>2017-01-05</td></tr></table><p class="totop"><a href="#summary">back to summary</a></p><h3 id="m25">com.test.dailypaper.SearchDataProviderTest#test1</h3><table class="result"><tr class="param"><th>Parameter #1</th></tr><tr class="param stripe"><td>开发部</td></tr></table><p class="totop"><a href="#summary">back to summary</a></p><h3 id="m26">com.test.dailypaper.SearchDataProviderTest#test1</h3><table class="result"><tr class="param"><th>Parameter #1</th></tr><tr class="param stripe"><td>%%%</td></tr></table><p class="totop"><a href="#summary">back to summary</a></p><h3 id="m27">com.test.dailypaper.SearchDataProviderTest#test1</h3><table class="result"><tr class="param"><th>Parameter #1</th></tr><tr class="param stripe"><td>啦啦啦</td></tr></table><p class="totop"><a href="#summary">back to summary</a></p><h3 id="m28">com.test.dailypaper.Sort#sort1</h3><table class="result"></table><p class="totop"><a href="#summary">back to summary</a></p><h3 id="m29">com.test.dailypaper.Sort#sort2</h3><table class="result"></table><p class="totop"><a href="#summary">back to summary</a></p><h3 id="m30">com.test.dailypaper.Sort#sort3</h3><table class="result"></table><p class="totop"><a href="#summary">back to summary</a></p><h3 id="m31">com.test.daohang.Click#click</h3><table class="result"></table><p class="totop"><a href="#summary">back to summary</a></p><h3 id="m32">com.test.login.LoginPageTest#test</h3><table class="result"></table><p class="totop"><a href="#summary">back to summary</a></p><h3 id="m33">com.test.paycheck.Basicsalary#salary2</h3><table class="result"></table><p class="totop"><a href="#summary">back to summary</a></p><h3 id="m34">com.test.paycheck.Tick#tick1</h3><table class="result"></table><p class="totop"><a href="#summary">back to summary</a></p><h3 id="m35">com.test.paycheck.Tick#tick2</h3><table class="result"></table><p class="totop"><a href="#summary">back to summary</a></p><h3 id="m36">com.test.record.Allrecord#all1</h3><table class="result"></table><p class="totop"><a href="#summary">back to summary</a></p><h3 id="m37">com.test.record.Allrecord#all2</h3><table class="result"></table><p class="totop"><a href="#summary">back to summary</a></p><h3 id="m38">com.test.record.Comment#commentinput1</h3><table class="result"></table><p class="totop"><a href="#summary">back to summary</a></p><h3 id="m39">com.test.record.Comment#commentinput2</h3><table class="result"></table><p class="totop"><a href="#summary">back to summary</a></p><h3 id="m40">com.test.record.Comment#commentno</h3><table class="result"></table><p class="totop"><a href="#summary">back to summary</a></p><h3 id="m41">com.test.record.Comment#commentyes</h3><table class="result"></table><p class="totop"><a href="#summary">back to summary</a></p><h3 id="m42">com.test.record.Details#details</h3><table class="result"></table><p class="totop"><a href="#summary">back to summary</a></p><h3 id="m43">com.test.record.Detailsnew#details</h3><table class="result"></table><p class="totop"><a href="#summary">back to summary</a></p><h3 id="m44">com.test.record.Search#searchfail1</h3><table class="result"></table><p class="totop"><a href="#summary">back to summary</a></p><h3 id="m45">com.test.record.Search#searchfail2</h3><table class="result"></table><p class="totop"><a href="#summary">back to summary</a></p><h3 id="m46">com.test.record.Search#searchfail4</h3><table class="result"></table><p class="totop"><a href="#summary">back to summary</a></p><h3 id="m47">com.test.record.Search#searchsuccess</h3><table class="result"></table><p class="totop"><a href="#summary">back to summary</a></p><h3 id="m48">com.test.record.State#state1</h3><table class="result"></table><p class="totop"><a href="#summary">back to summary</a></p><h3 id="m49">com.test.record.State#state2</h3><table class="result"></table><p class="totop"><a href="#summary">back to summary</a></p><h3 id="m50">com.test.record.State#state3</h3><table class="result"></table><p class="totop"><a href="#summary">back to summary</a></p><h3 id="m51">com.test.record.State#state4</h3><table class="result"></table><p class="totop"><a href="#summary">back to summary</a></p><h3 id="m52">com.test.record.State#state5</h3><table class="result"></table><p class="totop"><a href="#summary">back to summary</a></p><h3 id="m53">com.test.record.Update#state1</h3><table class="result"></table><p class="totop"><a href="#summary">back to summary</a></p><h3 id="m54">com.test.record.Update#state2</h3><table class="result"></table><p class="totop"><a href="#summary">back to summary</a></p></body></html>