<?xml version="1.0" encoding="UTF-8"?>
<testng-results skipped="0" failed="19" total="55" passed="36">
  <reporter-output>
  </reporter-output>
  <suite name="Suite" duration-ms="930611" started-at="2017-12-07T06:45:51Z" finished-at="2017-12-07T07:01:21Z">
    <groups>
    </groups>
    <test name="Test" duration-ms="930611" started-at="2017-12-07T06:45:51Z" finished-at="2017-12-07T07:01:21Z">
      <class name="com.test.daohang.Click">
        <test-method status="PASS" signature="doBeforeMethod()[pri:0, instance:com.test.daohang.Click@28d25987]" name="doBeforeMethod" is-config="true" duration-ms="5096" started-at="2017-12-07T14:46:15Z" finished-at="2017-12-07T14:46:20Z">
          <reporter-output>
          </reporter-output>
        </test-method> <!-- doBeforeMethod -->
        <test-method status="PASS" signature="beforeAction()[pri:0, instance:com.test.daohang.Click@28d25987]" name="beforeAction" is-config="true" duration-ms="7752" started-at="2017-12-07T14:46:20Z" finished-at="2017-12-07T14:46:27Z">
          <reporter-output>
          </reporter-output>
        </test-method> <!-- beforeAction -->
        <test-method status="PASS" signature="click()[pri:0, instance:com.test.daohang.Click@28d25987]" name="click" duration-ms="9913" started-at="2017-12-07T14:46:27Z" finished-at="2017-12-07T14:46:37Z">
          <reporter-output>
          </reporter-output>
        </test-method> <!-- click -->
        <test-method status="PASS" signature="doAfterMethod()[pri:0, instance:com.test.daohang.Click@28d25987]" name="doAfterMethod" is-config="true" duration-ms="6185" started-at="2017-12-07T14:46:37Z" finished-at="2017-12-07T14:46:43Z">
          <reporter-output>
          </reporter-output>
        </test-method> <!-- doAfterMethod -->
      </class> <!-- com.test.daohang.Click -->
      <class name="com.test.dailypaper.Dailytype">
        <test-method status="PASS" signature="doBeforeMethod()[pri:0, instance:com.test.dailypaper.Dailytype@ae45eb6]" name="doBeforeMethod" is-config="true" duration-ms="5012" started-at="2017-12-07T14:55:27Z" finished-at="2017-12-07T14:55:32Z">
          <reporter-output>
          </reporter-output>
        </test-method> <!-- doBeforeMethod -->
        <test-method status="PASS" signature="beforeAction()[pri:0, instance:com.test.dailypaper.Dailytype@ae45eb6]" name="beforeAction" is-config="true" duration-ms="7729" started-at="2017-12-07T14:55:32Z" finished-at="2017-12-07T14:55:40Z">
          <reporter-output>
          </reporter-output>
        </test-method> <!-- beforeAction -->
        <test-method status="FAIL" signature="type()[pri:0, instance:com.test.dailypaper.Dailytype@ae45eb6]" name="type" duration-ms="22968" started-at="2017-12-07T14:55:40Z" finished-at="2017-12-07T14:56:03Z">
          <exception class="java.lang.AssertionError">
            <message>
              <![CDATA[expected [true] but found [false]]]>
            </message>
            <full-stacktrace>
              <![CDATA[java.lang.AssertionError: expected [true] but found [false]
	at org.testng.Assert.fail(Assert.java:94)
	at org.testng.Assert.failNotEquals(Assert.java:496)
	at org.testng.Assert.assertTrue(Assert.java:42)
	at org.testng.Assert.assertTrue(Assert.java:52)
	at com.test.dailypaper.Dailytype.type(Dailytype.java:30)
	at sun.reflect.NativeMethodAccessorImpl.invoke0(Native Method)
	at sun.reflect.NativeMethodAccessorImpl.invoke(Unknown Source)
	at sun.reflect.DelegatingMethodAccessorImpl.invoke(Unknown Source)
	at java.lang.reflect.Method.invoke(Unknown Source)
	at org.testng.internal.MethodInvocationHelper.invokeMethod(MethodInvocationHelper.java:85)
	at org.testng.internal.Invoker.invokeMethod(Invoker.java:639)
	at org.testng.internal.Invoker.invokeTestMethod(Invoker.java:816)
	at org.testng.internal.Invoker.invokeTestMethods(Invoker.java:1124)
	at org.testng.internal.TestMethodWorker.invokeTestMethods(TestMethodWorker.java:125)
	at org.testng.internal.TestMethodWorker.run(TestMethodWorker.java:108)
	at org.testng.TestRunner.privateRun(TestRunner.java:774)
	at org.testng.TestRunner.run(TestRunner.java:624)
	at org.testng.SuiteRunner.runTest(SuiteRunner.java:359)
	at org.testng.SuiteRunner.runSequentially(SuiteRunner.java:354)
	at org.testng.SuiteRunner.privateRun(SuiteRunner.java:312)
	at org.testng.SuiteRunner.run(SuiteRunner.java:261)
	at org.testng.SuiteRunnerWorker.runSuite(SuiteRunnerWorker.java:52)
	at org.testng.SuiteRunnerWorker.run(SuiteRunnerWorker.java:86)
	at org.testng.TestNG.runSuitesSequentially(TestNG.java:1215)
	at org.testng.TestNG.runSuitesLocally(TestNG.java:1140)
	at org.testng.TestNG.run(TestNG.java:1048)
	at org.testng.remote.AbstractRemoteTestNG.run(AbstractRemoteTestNG.java:114)
	at org.testng.remote.RemoteTestNG.initAndRun(RemoteTestNG.java:251)
	at org.testng.remote.RemoteTestNG.main(RemoteTestNG.java:77)
]]>
            </full-stacktrace>
          </exception> <!-- java.lang.AssertionError -->
          <reporter-output>
          </reporter-output>
        </test-method> <!-- type -->
        <test-method status="PASS" signature="doAfterMethod()[pri:0, instance:com.test.dailypaper.Dailytype@ae45eb6]" name="doAfterMethod" is-config="true" duration-ms="5867" started-at="2017-12-07T14:56:03Z" finished-at="2017-12-07T14:56:09Z">
          <reporter-output>
          </reporter-output>
        </test-method> <!-- doAfterMethod -->
      </class> <!-- com.test.dailypaper.Dailytype -->
      <class name="com.test.paycheck.Basicsalary">
        <test-method status="PASS" signature="doBeforeMethod()[pri:0, instance:com.test.paycheck.Basicsalary@77caeb3e]" name="doBeforeMethod" is-config="true" duration-ms="4945" started-at="2017-12-07T14:59:22Z" finished-at="2017-12-07T14:59:27Z">
          <reporter-output>
          </reporter-output>
        </test-method> <!-- doBeforeMethod -->
        <test-method status="PASS" signature="beforeAction()[pri:0, instance:com.test.paycheck.Basicsalary@77caeb3e]" name="beforeAction" is-config="true" duration-ms="7764" started-at="2017-12-07T14:59:27Z" finished-at="2017-12-07T14:59:35Z">
          <reporter-output>
          </reporter-output>
        </test-method> <!-- beforeAction -->
        <test-method status="FAIL" signature="salary1()[pri:0, instance:com.test.paycheck.Basicsalary@77caeb3e]" name="salary1" duration-ms="32648" started-at="2017-12-07T14:59:35Z" finished-at="2017-12-07T15:00:07Z">
          <exception class="java.lang.AssertionError">
            <message>
              <![CDATA[expected [true] but found [false]]]>
            </message>
            <full-stacktrace>
              <![CDATA[java.lang.AssertionError: expected [true] but found [false]
	at org.testng.Assert.fail(Assert.java:94)
	at org.testng.Assert.failNotEquals(Assert.java:496)
	at org.testng.Assert.assertTrue(Assert.java:42)
	at org.testng.Assert.assertTrue(Assert.java:52)
	at com.test.paycheck.Basicsalary.salary1(Basicsalary.java:32)
	at sun.reflect.NativeMethodAccessorImpl.invoke0(Native Method)
	at sun.reflect.NativeMethodAccessorImpl.invoke(Unknown Source)
	at sun.reflect.DelegatingMethodAccessorImpl.invoke(Unknown Source)
	at java.lang.reflect.Method.invoke(Unknown Source)
	at org.testng.internal.MethodInvocationHelper.invokeMethod(MethodInvocationHelper.java:85)
	at org.testng.internal.Invoker.invokeMethod(Invoker.java:639)
	at org.testng.internal.Invoker.invokeTestMethod(Invoker.java:816)
	at org.testng.internal.Invoker.invokeTestMethods(Invoker.java:1124)
	at org.testng.internal.TestMethodWorker.invokeTestMethods(TestMethodWorker.java:125)
	at org.testng.internal.TestMethodWorker.run(TestMethodWorker.java:108)
	at org.testng.TestRunner.privateRun(TestRunner.java:774)
	at org.testng.TestRunner.run(TestRunner.java:624)
	at org.testng.SuiteRunner.runTest(SuiteRunner.java:359)
	at org.testng.SuiteRunner.runSequentially(SuiteRunner.java:354)
	at org.testng.SuiteRunner.privateRun(SuiteRunner.java:312)
	at org.testng.SuiteRunner.run(SuiteRunner.java:261)
	at org.testng.SuiteRunnerWorker.runSuite(SuiteRunnerWorker.java:52)
	at org.testng.SuiteRunnerWorker.run(SuiteRunnerWorker.java:86)
	at org.testng.TestNG.runSuitesSequentially(TestNG.java:1215)
	at org.testng.TestNG.runSuitesLocally(TestNG.java:1140)
	at org.testng.TestNG.run(TestNG.java:1048)
	at org.testng.remote.AbstractRemoteTestNG.run(AbstractRemoteTestNG.java:114)
	at org.testng.remote.RemoteTestNG.initAndRun(RemoteTestNG.java:251)
	at org.testng.remote.RemoteTestNG.main(RemoteTestNG.java:77)
]]>
            </full-stacktrace>
          </exception> <!-- java.lang.AssertionError -->
          <reporter-output>
          </reporter-output>
        </test-method> <!-- salary1 -->
        <test-method status="PASS" signature="salary2()[pri:0, instance:com.test.paycheck.Basicsalary@77caeb3e]" name="salary2" duration-ms="16447" started-at="2017-12-07T15:00:07Z" finished-at="2017-12-07T15:00:24Z">
          <reporter-output>
          </reporter-output>
        </test-method> <!-- salary2 -->
        <test-method status="PASS" signature="doAfterMethod()[pri:0, instance:com.test.paycheck.Basicsalary@77caeb3e]" name="doAfterMethod" is-config="true" duration-ms="7834" started-at="2017-12-07T15:00:24Z" finished-at="2017-12-07T15:00:32Z">
          <reporter-output>
          </reporter-output>
        </test-method> <!-- doAfterMethod -->
      </class> <!-- com.test.paycheck.Basicsalary -->
      <class name="com.test.dailypaper.Page">
        <test-method status="PASS" signature="doBeforeMethod()[pri:0, instance:com.test.dailypaper.Page@59f99ea]" name="doBeforeMethod" is-config="true" duration-ms="6117" started-at="2017-12-07T14:56:09Z" finished-at="2017-12-07T14:56:15Z">
          <reporter-output>
          </reporter-output>
        </test-method> <!-- doBeforeMethod -->
        <test-method status="PASS" signature="beforeAction()[pri:0, instance:com.test.dailypaper.Page@59f99ea]" name="beforeAction" is-config="true" duration-ms="7833" started-at="2017-12-07T14:56:15Z" finished-at="2017-12-07T14:56:23Z">
          <reporter-output>
          </reporter-output>
        </test-method> <!-- beforeAction -->
        <test-method status="PASS" signature="page()[pri:0, instance:com.test.dailypaper.Page@59f99ea]" name="page" duration-ms="23081" started-at="2017-12-07T14:56:23Z" finished-at="2017-12-07T14:56:46Z">
          <reporter-output>
          </reporter-output>
        </test-method> <!-- page -->
        <test-method status="PASS" signature="doAfterMethod()[pri:0, instance:com.test.dailypaper.Page@59f99ea]" name="doAfterMethod" is-config="true" duration-ms="5844" started-at="2017-12-07T14:56:46Z" finished-at="2017-12-07T14:56:51Z">
          <reporter-output>
          </reporter-output>
        </test-method> <!-- doAfterMethod -->
      </class> <!-- com.test.dailypaper.Page -->
      <class name="com.test.paycheck.Addperson">
        <test-method status="PASS" signature="doBeforeMethod()[pri:0, instance:com.test.paycheck.Addperson@66a3ffec]" name="doBeforeMethod" is-config="true" duration-ms="4933" started-at="2017-12-07T14:58:25Z" finished-at="2017-12-07T14:58:30Z">
          <reporter-output>
          </reporter-output>
        </test-method> <!-- doBeforeMethod -->
        <test-method status="PASS" signature="beforeAction()[pri:0, instance:com.test.paycheck.Addperson@66a3ffec]" name="beforeAction" is-config="true" duration-ms="7721" started-at="2017-12-07T14:58:30Z" finished-at="2017-12-07T14:58:38Z">
          <reporter-output>
          </reporter-output>
        </test-method> <!-- beforeAction -->
        <test-method status="FAIL" signature="tick1()[pri:0, instance:com.test.paycheck.Addperson@66a3ffec]" name="tick1" duration-ms="32769" started-at="2017-12-07T14:58:38Z" finished-at="2017-12-07T14:59:11Z">
          <exception class="java.lang.AssertionError">
            <message>
              <![CDATA[expected [true] but found [false]]]>
            </message>
            <full-stacktrace>
              <![CDATA[java.lang.AssertionError: expected [true] but found [false]
	at org.testng.Assert.fail(Assert.java:94)
	at org.testng.Assert.failNotEquals(Assert.java:496)
	at org.testng.Assert.assertTrue(Assert.java:42)
	at org.testng.Assert.assertTrue(Assert.java:52)
	at com.test.paycheck.Addperson.tick1(Addperson.java:31)
	at sun.reflect.NativeMethodAccessorImpl.invoke0(Native Method)
	at sun.reflect.NativeMethodAccessorImpl.invoke(Unknown Source)
	at sun.reflect.DelegatingMethodAccessorImpl.invoke(Unknown Source)
	at java.lang.reflect.Method.invoke(Unknown Source)
	at org.testng.internal.MethodInvocationHelper.invokeMethod(MethodInvocationHelper.java:85)
	at org.testng.internal.Invoker.invokeMethod(Invoker.java:639)
	at org.testng.internal.Invoker.invokeTestMethod(Invoker.java:816)
	at org.testng.internal.Invoker.invokeTestMethods(Invoker.java:1124)
	at org.testng.internal.TestMethodWorker.invokeTestMethods(TestMethodWorker.java:125)
	at org.testng.internal.TestMethodWorker.run(TestMethodWorker.java:108)
	at org.testng.TestRunner.privateRun(TestRunner.java:774)
	at org.testng.TestRunner.run(TestRunner.java:624)
	at org.testng.SuiteRunner.runTest(SuiteRunner.java:359)
	at org.testng.SuiteRunner.runSequentially(SuiteRunner.java:354)
	at org.testng.SuiteRunner.privateRun(SuiteRunner.java:312)
	at org.testng.SuiteRunner.run(SuiteRunner.java:261)
	at org.testng.SuiteRunnerWorker.runSuite(SuiteRunnerWorker.java:52)
	at org.testng.SuiteRunnerWorker.run(SuiteRunnerWorker.java:86)
	at org.testng.TestNG.runSuitesSequentially(TestNG.java:1215)
	at org.testng.TestNG.runSuitesLocally(TestNG.java:1140)
	at org.testng.TestNG.run(TestNG.java:1048)
	at org.testng.remote.AbstractRemoteTestNG.run(AbstractRemoteTestNG.java:114)
	at org.testng.remote.RemoteTestNG.initAndRun(RemoteTestNG.java:251)
	at org.testng.remote.RemoteTestNG.main(RemoteTestNG.java:77)
]]>
            </full-stacktrace>
          </exception> <!-- java.lang.AssertionError -->
          <reporter-output>
          </reporter-output>
        </test-method> <!-- tick1 -->
        <test-method status="FAIL" signature="tick2()[pri:0, instance:com.test.paycheck.Addperson@66a3ffec]" name="tick2" duration-ms="3032" started-at="2017-12-07T14:59:11Z" finished-at="2017-12-07T14:59:14Z">
          <exception class="org.openqa.selenium.NoSuchFrameException">
            <message>
              <![CDATA[No frame element found by name or id openinputiframe
Build info: version: '3.6.0', revision: '6fbf3ec767', time: '2017-09-27T16:15:40.131Z'
System info: host: 'DESKTOP-A9JBT3B', ip: '192.168.204.1', os.name: 'Windows 10', os.arch: 'amd64', os.version: '10.0', java.version: '1.8.0_121'
Driver info: driver.version: unknown]]>
            </message>
            <full-stacktrace>
              <![CDATA[org.openqa.selenium.NoSuchFrameException: No frame element found by name or id openinputiframe
Build info: version: '3.6.0', revision: '6fbf3ec767', time: '2017-09-27T16:15:40.131Z'
System info: host: 'DESKTOP-A9JBT3B', ip: '192.168.204.1', os.name: 'Windows 10', os.arch: 'amd64', os.version: '10.0', java.version: '1.8.0_121'
Driver info: driver.version: unknown
	at org.openqa.selenium.remote.RemoteWebDriver$RemoteTargetLocator.frame(RemoteWebDriver.java:925)
	at com.webtest.core.WebDriverEngine.enterFrame(WebDriverEngine.java:44)
	at com.test.paycheck.Addperson.tick2(Addperson.java:37)
	at sun.reflect.NativeMethodAccessorImpl.invoke0(Native Method)
	at sun.reflect.NativeMethodAccessorImpl.invoke(Unknown Source)
	at sun.reflect.DelegatingMethodAccessorImpl.invoke(Unknown Source)
	at java.lang.reflect.Method.invoke(Unknown Source)
	at org.testng.internal.MethodInvocationHelper.invokeMethod(MethodInvocationHelper.java:85)
	at org.testng.internal.Invoker.invokeMethod(Invoker.java:639)
	at org.testng.internal.Invoker.invokeTestMethod(Invoker.java:816)
	at org.testng.internal.Invoker.invokeTestMethods(Invoker.java:1124)
	at org.testng.internal.TestMethodWorker.invokeTestMethods(TestMethodWorker.java:125)
	at org.testng.internal.TestMethodWorker.run(TestMethodWorker.java:108)
	at org.testng.TestRunner.privateRun(TestRunner.java:774)
	at org.testng.TestRunner.run(TestRunner.java:624)
	at org.testng.SuiteRunner.runTest(SuiteRunner.java:359)
	at org.testng.SuiteRunner.runSequentially(SuiteRunner.java:354)
	at org.testng.SuiteRunner.privateRun(SuiteRunner.java:312)
	at org.testng.SuiteRunner.run(SuiteRunner.java:261)
	at org.testng.SuiteRunnerWorker.runSuite(SuiteRunnerWorker.java:52)
	at org.testng.SuiteRunnerWorker.run(SuiteRunnerWorker.java:86)
	at org.testng.TestNG.runSuitesSequentially(TestNG.java:1215)
	at org.testng.TestNG.runSuitesLocally(TestNG.java:1140)
	at org.testng.TestNG.run(TestNG.java:1048)
	at org.testng.remote.AbstractRemoteTestNG.run(AbstractRemoteTestNG.java:114)
	at org.testng.remote.RemoteTestNG.initAndRun(RemoteTestNG.java:251)
	at org.testng.remote.RemoteTestNG.main(RemoteTestNG.java:77)
]]>
            </full-stacktrace>
          </exception> <!-- org.openqa.selenium.NoSuchFrameException -->
          <reporter-output>
          </reporter-output>
        </test-method> <!-- tick2 -->
        <test-method status="FAIL" signature="tick3()[pri:0, instance:com.test.paycheck.Addperson@66a3ffec]" name="tick3" duration-ms="3015" started-at="2017-12-07T14:59:14Z" finished-at="2017-12-07T14:59:17Z">
          <exception class="org.openqa.selenium.NoSuchFrameException">
            <message>
              <![CDATA[No frame element found by name or id openinputiframe
Build info: version: '3.6.0', revision: '6fbf3ec767', time: '2017-09-27T16:15:40.131Z'
System info: host: 'DESKTOP-A9JBT3B', ip: '192.168.204.1', os.name: 'Windows 10', os.arch: 'amd64', os.version: '10.0', java.version: '1.8.0_121'
Driver info: driver.version: unknown]]>
            </message>
            <full-stacktrace>
              <![CDATA[org.openqa.selenium.NoSuchFrameException: No frame element found by name or id openinputiframe
Build info: version: '3.6.0', revision: '6fbf3ec767', time: '2017-09-27T16:15:40.131Z'
System info: host: 'DESKTOP-A9JBT3B', ip: '192.168.204.1', os.name: 'Windows 10', os.arch: 'amd64', os.version: '10.0', java.version: '1.8.0_121'
Driver info: driver.version: unknown
	at org.openqa.selenium.remote.RemoteWebDriver$RemoteTargetLocator.frame(RemoteWebDriver.java:925)
	at com.webtest.core.WebDriverEngine.enterFrame(WebDriverEngine.java:44)
	at com.test.paycheck.Addperson.tick3(Addperson.java:46)
	at sun.reflect.NativeMethodAccessorImpl.invoke0(Native Method)
	at sun.reflect.NativeMethodAccessorImpl.invoke(Unknown Source)
	at sun.reflect.DelegatingMethodAccessorImpl.invoke(Unknown Source)
	at java.lang.reflect.Method.invoke(Unknown Source)
	at org.testng.internal.MethodInvocationHelper.invokeMethod(MethodInvocationHelper.java:85)
	at org.testng.internal.Invoker.invokeMethod(Invoker.java:639)
	at org.testng.internal.Invoker.invokeTestMethod(Invoker.java:816)
	at org.testng.internal.Invoker.invokeTestMethods(Invoker.java:1124)
	at org.testng.internal.TestMethodWorker.invokeTestMethods(TestMethodWorker.java:125)
	at org.testng.internal.TestMethodWorker.run(TestMethodWorker.java:108)
	at org.testng.TestRunner.privateRun(TestRunner.java:774)
	at org.testng.TestRunner.run(TestRunner.java:624)
	at org.testng.SuiteRunner.runTest(SuiteRunner.java:359)
	at org.testng.SuiteRunner.runSequentially(SuiteRunner.java:354)
	at org.testng.SuiteRunner.privateRun(SuiteRunner.java:312)
	at org.testng.SuiteRunner.run(SuiteRunner.java:261)
	at org.testng.SuiteRunnerWorker.runSuite(SuiteRunnerWorker.java:52)
	at org.testng.SuiteRunnerWorker.run(SuiteRunnerWorker.java:86)
	at org.testng.TestNG.runSuitesSequentially(TestNG.java:1215)
	at org.testng.TestNG.runSuitesLocally(TestNG.java:1140)
	at org.testng.TestNG.run(TestNG.java:1048)
	at org.testng.remote.AbstractRemoteTestNG.run(AbstractRemoteTestNG.java:114)
	at org.testng.remote.RemoteTestNG.initAndRun(RemoteTestNG.java:251)
	at org.testng.remote.RemoteTestNG.main(RemoteTestNG.java:77)
]]>
            </full-stacktrace>
          </exception> <!-- org.openqa.selenium.NoSuchFrameException -->
          <reporter-output>
          </reporter-output>
        </test-method> <!-- tick3 -->
        <test-method status="PASS" signature="doAfterMethod()[pri:0, instance:com.test.paycheck.Addperson@66a3ffec]" name="doAfterMethod" is-config="true" duration-ms="5483" started-at="2017-12-07T14:59:17Z" finished-at="2017-12-07T14:59:22Z">
          <reporter-output>
          </reporter-output>
        </test-method> <!-- doAfterMethod -->
      </class> <!-- com.test.paycheck.Addperson -->
      <class name="com.test.record.Detailsnew">
        <test-method status="PASS" signature="doBeforeMethod()[pri:0, instance:com.test.record.Detailsnew@61832929]" name="doBeforeMethod" is-config="true" duration-ms="4914" started-at="2017-12-07T14:49:48Z" finished-at="2017-12-07T14:49:53Z">
          <reporter-output>
          </reporter-output>
        </test-method> <!-- doBeforeMethod -->
        <test-method status="PASS" signature="beforeAction()[pri:0, instance:com.test.record.Detailsnew@61832929]" name="beforeAction" is-config="true" duration-ms="7741" started-at="2017-12-07T14:49:53Z" finished-at="2017-12-07T14:50:01Z">
          <reporter-output>
          </reporter-output>
        </test-method> <!-- beforeAction -->
        <test-method status="PASS" signature="details()[pri:0, instance:com.test.record.Detailsnew@61832929]" name="details" duration-ms="16633" started-at="2017-12-07T14:50:01Z" finished-at="2017-12-07T14:50:17Z">
          <reporter-output>
          </reporter-output>
        </test-method> <!-- details -->
        <test-method status="PASS" signature="doAfterMethod()[pri:0, instance:com.test.record.Detailsnew@61832929]" name="doAfterMethod" is-config="true" duration-ms="9555" started-at="2017-12-07T14:50:17Z" finished-at="2017-12-07T14:50:27Z">
          <reporter-output>
          </reporter-output>
        </test-method> <!-- doAfterMethod -->
      </class> <!-- com.test.record.Detailsnew -->
      <class name="com.test.dailypaper.Adddate">
        <test-method status="PASS" signature="doBeforeMethod()[pri:0, instance:com.test.dailypaper.Adddate@26653222]" name="doBeforeMethod" is-config="true" duration-ms="4963" started-at="2017-12-07T14:53:16Z" finished-at="2017-12-07T14:53:21Z">
          <reporter-output>
          </reporter-output>
        </test-method> <!-- doBeforeMethod -->
        <test-method status="PASS" signature="beforeAction()[pri:0, instance:com.test.dailypaper.Adddate@26653222]" name="beforeAction" is-config="true" duration-ms="7872" started-at="2017-12-07T14:53:21Z" finished-at="2017-12-07T14:53:29Z">
          <reporter-output>
          </reporter-output>
        </test-method> <!-- beforeAction -->
        <test-method status="FAIL" signature="adddate1()[pri:0, instance:com.test.dailypaper.Adddate@26653222]" name="adddate1" duration-ms="29716" started-at="2017-12-07T14:53:29Z" finished-at="2017-12-07T14:53:58Z">
          <exception class="java.lang.AssertionError">
            <message>
              <![CDATA[expected [true] but found [false]]]>
            </message>
            <full-stacktrace>
              <![CDATA[java.lang.AssertionError: expected [true] but found [false]
	at org.testng.Assert.fail(Assert.java:94)
	at org.testng.Assert.failNotEquals(Assert.java:496)
	at org.testng.Assert.assertTrue(Assert.java:42)
	at org.testng.Assert.assertTrue(Assert.java:52)
	at com.test.dailypaper.Adddate.adddate1(Adddate.java:34)
	at sun.reflect.NativeMethodAccessorImpl.invoke0(Native Method)
	at sun.reflect.NativeMethodAccessorImpl.invoke(Unknown Source)
	at sun.reflect.DelegatingMethodAccessorImpl.invoke(Unknown Source)
	at java.lang.reflect.Method.invoke(Unknown Source)
	at org.testng.internal.MethodInvocationHelper.invokeMethod(MethodInvocationHelper.java:85)
	at org.testng.internal.Invoker.invokeMethod(Invoker.java:639)
	at org.testng.internal.Invoker.invokeTestMethod(Invoker.java:816)
	at org.testng.internal.Invoker.invokeTestMethods(Invoker.java:1124)
	at org.testng.internal.TestMethodWorker.invokeTestMethods(TestMethodWorker.java:125)
	at org.testng.internal.TestMethodWorker.run(TestMethodWorker.java:108)
	at org.testng.TestRunner.privateRun(TestRunner.java:774)
	at org.testng.TestRunner.run(TestRunner.java:624)
	at org.testng.SuiteRunner.runTest(SuiteRunner.java:359)
	at org.testng.SuiteRunner.runSequentially(SuiteRunner.java:354)
	at org.testng.SuiteRunner.privateRun(SuiteRunner.java:312)
	at org.testng.SuiteRunner.run(SuiteRunner.java:261)
	at org.testng.SuiteRunnerWorker.runSuite(SuiteRunnerWorker.java:52)
	at org.testng.SuiteRunnerWorker.run(SuiteRunnerWorker.java:86)
	at org.testng.TestNG.runSuitesSequentially(TestNG.java:1215)
	at org.testng.TestNG.runSuitesLocally(TestNG.java:1140)
	at org.testng.TestNG.run(TestNG.java:1048)
	at org.testng.remote.AbstractRemoteTestNG.run(AbstractRemoteTestNG.java:114)
	at org.testng.remote.RemoteTestNG.initAndRun(RemoteTestNG.java:251)
	at org.testng.remote.RemoteTestNG.main(RemoteTestNG.java:77)
]]>
            </full-stacktrace>
          </exception> <!-- java.lang.AssertionError -->
          <reporter-output>
          </reporter-output>
        </test-method> <!-- adddate1 -->
        <test-method status="FAIL" signature="adddate2()[pri:1, instance:com.test.dailypaper.Adddate@26653222]" name="adddate2" duration-ms="12880" started-at="2017-12-07T14:53:58Z" finished-at="2017-12-07T14:54:11Z">
          <exception class="java.lang.AssertionError">
            <message>
              <![CDATA[expected [true] but found [false]]]>
            </message>
            <full-stacktrace>
              <![CDATA[java.lang.AssertionError: expected [true] but found [false]
	at org.testng.Assert.fail(Assert.java:94)
	at org.testng.Assert.failNotEquals(Assert.java:496)
	at org.testng.Assert.assertTrue(Assert.java:42)
	at org.testng.Assert.assertTrue(Assert.java:52)
	at com.test.dailypaper.Adddate.adddate2(Adddate.java:47)
	at sun.reflect.NativeMethodAccessorImpl.invoke0(Native Method)
	at sun.reflect.NativeMethodAccessorImpl.invoke(Unknown Source)
	at sun.reflect.DelegatingMethodAccessorImpl.invoke(Unknown Source)
	at java.lang.reflect.Method.invoke(Unknown Source)
	at org.testng.internal.MethodInvocationHelper.invokeMethod(MethodInvocationHelper.java:85)
	at org.testng.internal.Invoker.invokeMethod(Invoker.java:639)
	at org.testng.internal.Invoker.invokeTestMethod(Invoker.java:816)
	at org.testng.internal.Invoker.invokeTestMethods(Invoker.java:1124)
	at org.testng.internal.TestMethodWorker.invokeTestMethods(TestMethodWorker.java:125)
	at org.testng.internal.TestMethodWorker.run(TestMethodWorker.java:108)
	at org.testng.TestRunner.privateRun(TestRunner.java:774)
	at org.testng.TestRunner.run(TestRunner.java:624)
	at org.testng.SuiteRunner.runTest(SuiteRunner.java:359)
	at org.testng.SuiteRunner.runSequentially(SuiteRunner.java:354)
	at org.testng.SuiteRunner.privateRun(SuiteRunner.java:312)
	at org.testng.SuiteRunner.run(SuiteRunner.java:261)
	at org.testng.SuiteRunnerWorker.runSuite(SuiteRunnerWorker.java:52)
	at org.testng.SuiteRunnerWorker.run(SuiteRunnerWorker.java:86)
	at org.testng.TestNG.runSuitesSequentially(TestNG.java:1215)
	at org.testng.TestNG.runSuitesLocally(TestNG.java:1140)
	at org.testng.TestNG.run(TestNG.java:1048)
	at org.testng.remote.AbstractRemoteTestNG.run(AbstractRemoteTestNG.java:114)
	at org.testng.remote.RemoteTestNG.initAndRun(RemoteTestNG.java:251)
	at org.testng.remote.RemoteTestNG.main(RemoteTestNG.java:77)
]]>
            </full-stacktrace>
          </exception> <!-- java.lang.AssertionError -->
          <reporter-output>
          </reporter-output>
        </test-method> <!-- adddate2 -->
        <test-method status="FAIL" signature="adddate3()[pri:2, instance:com.test.dailypaper.Adddate@26653222]" name="adddate3" duration-ms="3016" started-at="2017-12-07T14:54:11Z" finished-at="2017-12-07T14:54:14Z">
          <exception class="org.openqa.selenium.NoSuchFrameException">
            <message>
              <![CDATA[No frame element found by name or id openinputiframe
Build info: version: '3.6.0', revision: '6fbf3ec767', time: '2017-09-27T16:15:40.131Z'
System info: host: 'DESKTOP-A9JBT3B', ip: '192.168.204.1', os.name: 'Windows 10', os.arch: 'amd64', os.version: '10.0', java.version: '1.8.0_121'
Driver info: driver.version: unknown]]>
            </message>
            <full-stacktrace>
              <![CDATA[org.openqa.selenium.NoSuchFrameException: No frame element found by name or id openinputiframe
Build info: version: '3.6.0', revision: '6fbf3ec767', time: '2017-09-27T16:15:40.131Z'
System info: host: 'DESKTOP-A9JBT3B', ip: '192.168.204.1', os.name: 'Windows 10', os.arch: 'amd64', os.version: '10.0', java.version: '1.8.0_121'
Driver info: driver.version: unknown
	at org.openqa.selenium.remote.RemoteWebDriver$RemoteTargetLocator.frame(RemoteWebDriver.java:925)
	at com.webtest.core.WebDriverEngine.enterFrame(WebDriverEngine.java:44)
	at com.test.dailypaper.Adddate.adddate3(Adddate.java:52)
	at sun.reflect.NativeMethodAccessorImpl.invoke0(Native Method)
	at sun.reflect.NativeMethodAccessorImpl.invoke(Unknown Source)
	at sun.reflect.DelegatingMethodAccessorImpl.invoke(Unknown Source)
	at java.lang.reflect.Method.invoke(Unknown Source)
	at org.testng.internal.MethodInvocationHelper.invokeMethod(MethodInvocationHelper.java:85)
	at org.testng.internal.Invoker.invokeMethod(Invoker.java:639)
	at org.testng.internal.Invoker.invokeTestMethod(Invoker.java:816)
	at org.testng.internal.Invoker.invokeTestMethods(Invoker.java:1124)
	at org.testng.internal.TestMethodWorker.invokeTestMethods(TestMethodWorker.java:125)
	at org.testng.internal.TestMethodWorker.run(TestMethodWorker.java:108)
	at org.testng.TestRunner.privateRun(TestRunner.java:774)
	at org.testng.TestRunner.run(TestRunner.java:624)
	at org.testng.SuiteRunner.runTest(SuiteRunner.java:359)
	at org.testng.SuiteRunner.runSequentially(SuiteRunner.java:354)
	at org.testng.SuiteRunner.privateRun(SuiteRunner.java:312)
	at org.testng.SuiteRunner.run(SuiteRunner.java:261)
	at org.testng.SuiteRunnerWorker.runSuite(SuiteRunnerWorker.java:52)
	at org.testng.SuiteRunnerWorker.run(SuiteRunnerWorker.java:86)
	at org.testng.TestNG.runSuitesSequentially(TestNG.java:1215)
	at org.testng.TestNG.runSuitesLocally(TestNG.java:1140)
	at org.testng.TestNG.run(TestNG.java:1048)
	at org.testng.remote.AbstractRemoteTestNG.run(AbstractRemoteTestNG.java:114)
	at org.testng.remote.RemoteTestNG.initAndRun(RemoteTestNG.java:251)
	at org.testng.remote.RemoteTestNG.main(RemoteTestNG.java:77)
]]>
            </full-stacktrace>
          </exception> <!-- org.openqa.selenium.NoSuchFrameException -->
          <reporter-output>
          </reporter-output>
        </test-method> <!-- adddate3 -->
        <test-method status="FAIL" signature="adddate4()[pri:3, instance:com.test.dailypaper.Adddate@26653222]" name="adddate4" duration-ms="3031" started-at="2017-12-07T14:54:14Z" finished-at="2017-12-07T14:54:17Z">
          <exception class="org.openqa.selenium.NoSuchFrameException">
            <message>
              <![CDATA[No frame element found by name or id openinputiframe
Build info: version: '3.6.0', revision: '6fbf3ec767', time: '2017-09-27T16:15:40.131Z'
System info: host: 'DESKTOP-A9JBT3B', ip: '192.168.204.1', os.name: 'Windows 10', os.arch: 'amd64', os.version: '10.0', java.version: '1.8.0_121'
Driver info: driver.version: unknown]]>
            </message>
            <full-stacktrace>
              <![CDATA[org.openqa.selenium.NoSuchFrameException: No frame element found by name or id openinputiframe
Build info: version: '3.6.0', revision: '6fbf3ec767', time: '2017-09-27T16:15:40.131Z'
System info: host: 'DESKTOP-A9JBT3B', ip: '192.168.204.1', os.name: 'Windows 10', os.arch: 'amd64', os.version: '10.0', java.version: '1.8.0_121'
Driver info: driver.version: unknown
	at org.openqa.selenium.remote.RemoteWebDriver$RemoteTargetLocator.frame(RemoteWebDriver.java:925)
	at com.webtest.core.WebDriverEngine.enterFrame(WebDriverEngine.java:44)
	at com.test.dailypaper.Adddate.adddate4(Adddate.java:66)
	at sun.reflect.NativeMethodAccessorImpl.invoke0(Native Method)
	at sun.reflect.NativeMethodAccessorImpl.invoke(Unknown Source)
	at sun.reflect.DelegatingMethodAccessorImpl.invoke(Unknown Source)
	at java.lang.reflect.Method.invoke(Unknown Source)
	at org.testng.internal.MethodInvocationHelper.invokeMethod(MethodInvocationHelper.java:85)
	at org.testng.internal.Invoker.invokeMethod(Invoker.java:639)
	at org.testng.internal.Invoker.invokeTestMethod(Invoker.java:816)
	at org.testng.internal.Invoker.invokeTestMethods(Invoker.java:1124)
	at org.testng.internal.TestMethodWorker.invokeTestMethods(TestMethodWorker.java:125)
	at org.testng.internal.TestMethodWorker.run(TestMethodWorker.java:108)
	at org.testng.TestRunner.privateRun(TestRunner.java:774)
	at org.testng.TestRunner.run(TestRunner.java:624)
	at org.testng.SuiteRunner.runTest(SuiteRunner.java:359)
	at org.testng.SuiteRunner.runSequentially(SuiteRunner.java:354)
	at org.testng.SuiteRunner.privateRun(SuiteRunner.java:312)
	at org.testng.SuiteRunner.run(SuiteRunner.java:261)
	at org.testng.SuiteRunnerWorker.runSuite(SuiteRunnerWorker.java:52)
	at org.testng.SuiteRunnerWorker.run(SuiteRunnerWorker.java:86)
	at org.testng.TestNG.runSuitesSequentially(TestNG.java:1215)
	at org.testng.TestNG.runSuitesLocally(TestNG.java:1140)
	at org.testng.TestNG.run(TestNG.java:1048)
	at org.testng.remote.AbstractRemoteTestNG.run(AbstractRemoteTestNG.java:114)
	at org.testng.remote.RemoteTestNG.initAndRun(RemoteTestNG.java:251)
	at org.testng.remote.RemoteTestNG.main(RemoteTestNG.java:77)
]]>
            </full-stacktrace>
          </exception> <!-- org.openqa.selenium.NoSuchFrameException -->
          <reporter-output>
          </reporter-output>
        </test-method> <!-- adddate4 -->
        <test-method status="FAIL" signature="adddate5()[pri:4, instance:com.test.dailypaper.Adddate@26653222]" name="adddate5" duration-ms="3047" started-at="2017-12-07T14:54:17Z" finished-at="2017-12-07T14:54:20Z">
          <exception class="org.openqa.selenium.NoSuchFrameException">
            <message>
              <![CDATA[No frame element found by name or id openinputiframe
Build info: version: '3.6.0', revision: '6fbf3ec767', time: '2017-09-27T16:15:40.131Z'
System info: host: 'DESKTOP-A9JBT3B', ip: '192.168.204.1', os.name: 'Windows 10', os.arch: 'amd64', os.version: '10.0', java.version: '1.8.0_121'
Driver info: driver.version: unknown]]>
            </message>
            <full-stacktrace>
              <![CDATA[org.openqa.selenium.NoSuchFrameException: No frame element found by name or id openinputiframe
Build info: version: '3.6.0', revision: '6fbf3ec767', time: '2017-09-27T16:15:40.131Z'
System info: host: 'DESKTOP-A9JBT3B', ip: '192.168.204.1', os.name: 'Windows 10', os.arch: 'amd64', os.version: '10.0', java.version: '1.8.0_121'
Driver info: driver.version: unknown
	at org.openqa.selenium.remote.RemoteWebDriver$RemoteTargetLocator.frame(RemoteWebDriver.java:925)
	at com.webtest.core.WebDriverEngine.enterFrame(WebDriverEngine.java:44)
	at com.test.dailypaper.Adddate.adddate5(Adddate.java:79)
	at sun.reflect.NativeMethodAccessorImpl.invoke0(Native Method)
	at sun.reflect.NativeMethodAccessorImpl.invoke(Unknown Source)
	at sun.reflect.DelegatingMethodAccessorImpl.invoke(Unknown Source)
	at java.lang.reflect.Method.invoke(Unknown Source)
	at org.testng.internal.MethodInvocationHelper.invokeMethod(MethodInvocationHelper.java:85)
	at org.testng.internal.Invoker.invokeMethod(Invoker.java:639)
	at org.testng.internal.Invoker.invokeTestMethod(Invoker.java:816)
	at org.testng.internal.Invoker.invokeTestMethods(Invoker.java:1124)
	at org.testng.internal.TestMethodWorker.invokeTestMethods(TestMethodWorker.java:125)
	at org.testng.internal.TestMethodWorker.run(TestMethodWorker.java:108)
	at org.testng.TestRunner.privateRun(TestRunner.java:774)
	at org.testng.TestRunner.run(TestRunner.java:624)
	at org.testng.SuiteRunner.runTest(SuiteRunner.java:359)
	at org.testng.SuiteRunner.runSequentially(SuiteRunner.java:354)
	at org.testng.SuiteRunner.privateRun(SuiteRunner.java:312)
	at org.testng.SuiteRunner.run(SuiteRunner.java:261)
	at org.testng.SuiteRunnerWorker.runSuite(SuiteRunnerWorker.java:52)
	at org.testng.SuiteRunnerWorker.run(SuiteRunnerWorker.java:86)
	at org.testng.TestNG.runSuitesSequentially(TestNG.java:1215)
	at org.testng.TestNG.runSuitesLocally(TestNG.java:1140)
	at org.testng.TestNG.run(TestNG.java:1048)
	at org.testng.remote.AbstractRemoteTestNG.run(AbstractRemoteTestNG.java:114)
	at org.testng.remote.RemoteTestNG.initAndRun(RemoteTestNG.java:251)
	at org.testng.remote.RemoteTestNG.main(RemoteTestNG.java:77)
]]>
            </full-stacktrace>
          </exception> <!-- org.openqa.selenium.NoSuchFrameException -->
          <reporter-output>
          </reporter-output>
        </test-method> <!-- adddate5 -->
        <test-method status="FAIL" signature="adddate6()[pri:5, instance:com.test.dailypaper.Adddate@26653222]" name="adddate6" duration-ms="3015" started-at="2017-12-07T14:54:20Z" finished-at="2017-12-07T14:54:23Z">
          <exception class="org.openqa.selenium.NoSuchFrameException">
            <message>
              <![CDATA[No frame element found by name or id openinputiframe
Build info: version: '3.6.0', revision: '6fbf3ec767', time: '2017-09-27T16:15:40.131Z'
System info: host: 'DESKTOP-A9JBT3B', ip: '192.168.204.1', os.name: 'Windows 10', os.arch: 'amd64', os.version: '10.0', java.version: '1.8.0_121'
Driver info: driver.version: unknown]]>
            </message>
            <full-stacktrace>
              <![CDATA[org.openqa.selenium.NoSuchFrameException: No frame element found by name or id openinputiframe
Build info: version: '3.6.0', revision: '6fbf3ec767', time: '2017-09-27T16:15:40.131Z'
System info: host: 'DESKTOP-A9JBT3B', ip: '192.168.204.1', os.name: 'Windows 10', os.arch: 'amd64', os.version: '10.0', java.version: '1.8.0_121'
Driver info: driver.version: unknown
	at org.openqa.selenium.remote.RemoteWebDriver$RemoteTargetLocator.frame(RemoteWebDriver.java:925)
	at com.webtest.core.WebDriverEngine.enterFrame(WebDriverEngine.java:44)
	at com.test.dailypaper.Adddate.adddate6(Adddate.java:95)
	at sun.reflect.NativeMethodAccessorImpl.invoke0(Native Method)
	at sun.reflect.NativeMethodAccessorImpl.invoke(Unknown Source)
	at sun.reflect.DelegatingMethodAccessorImpl.invoke(Unknown Source)
	at java.lang.reflect.Method.invoke(Unknown Source)
	at org.testng.internal.MethodInvocationHelper.invokeMethod(MethodInvocationHelper.java:85)
	at org.testng.internal.Invoker.invokeMethod(Invoker.java:639)
	at org.testng.internal.Invoker.invokeTestMethod(Invoker.java:816)
	at org.testng.internal.Invoker.invokeTestMethods(Invoker.java:1124)
	at org.testng.internal.TestMethodWorker.invokeTestMethods(TestMethodWorker.java:125)
	at org.testng.internal.TestMethodWorker.run(TestMethodWorker.java:108)
	at org.testng.TestRunner.privateRun(TestRunner.java:774)
	at org.testng.TestRunner.run(TestRunner.java:624)
	at org.testng.SuiteRunner.runTest(SuiteRunner.java:359)
	at org.testng.SuiteRunner.runSequentially(SuiteRunner.java:354)
	at org.testng.SuiteRunner.privateRun(SuiteRunner.java:312)
	at org.testng.SuiteRunner.run(SuiteRunner.java:261)
	at org.testng.SuiteRunnerWorker.runSuite(SuiteRunnerWorker.java:52)
	at org.testng.SuiteRunnerWorker.run(SuiteRunnerWorker.java:86)
	at org.testng.TestNG.runSuitesSequentially(TestNG.java:1215)
	at org.testng.TestNG.runSuitesLocally(TestNG.java:1140)
	at org.testng.TestNG.run(TestNG.java:1048)
	at org.testng.remote.AbstractRemoteTestNG.run(AbstractRemoteTestNG.java:114)
	at org.testng.remote.RemoteTestNG.initAndRun(RemoteTestNG.java:251)
	at org.testng.remote.RemoteTestNG.main(RemoteTestNG.java:77)
]]>
            </full-stacktrace>
          </exception> <!-- org.openqa.selenium.NoSuchFrameException -->
          <reporter-output>
          </reporter-output>
        </test-method> <!-- adddate6 -->
        <test-method status="FAIL" signature="adddate7()[pri:6, instance:com.test.dailypaper.Adddate@26653222]" name="adddate7" duration-ms="3032" started-at="2017-12-07T14:54:23Z" finished-at="2017-12-07T14:54:26Z">
          <exception class="org.openqa.selenium.NoSuchFrameException">
            <message>
              <![CDATA[No frame element found by name or id openinputiframe
Build info: version: '3.6.0', revision: '6fbf3ec767', time: '2017-09-27T16:15:40.131Z'
System info: host: 'DESKTOP-A9JBT3B', ip: '192.168.204.1', os.name: 'Windows 10', os.arch: 'amd64', os.version: '10.0', java.version: '1.8.0_121'
Driver info: driver.version: unknown]]>
            </message>
            <full-stacktrace>
              <![CDATA[org.openqa.selenium.NoSuchFrameException: No frame element found by name or id openinputiframe
Build info: version: '3.6.0', revision: '6fbf3ec767', time: '2017-09-27T16:15:40.131Z'
System info: host: 'DESKTOP-A9JBT3B', ip: '192.168.204.1', os.name: 'Windows 10', os.arch: 'amd64', os.version: '10.0', java.version: '1.8.0_121'
Driver info: driver.version: unknown
	at org.openqa.selenium.remote.RemoteWebDriver$RemoteTargetLocator.frame(RemoteWebDriver.java:925)
	at com.webtest.core.WebDriverEngine.enterFrame(WebDriverEngine.java:44)
	at com.test.dailypaper.Adddate.adddate7(Adddate.java:111)
	at sun.reflect.NativeMethodAccessorImpl.invoke0(Native Method)
	at sun.reflect.NativeMethodAccessorImpl.invoke(Unknown Source)
	at sun.reflect.DelegatingMethodAccessorImpl.invoke(Unknown Source)
	at java.lang.reflect.Method.invoke(Unknown Source)
	at org.testng.internal.MethodInvocationHelper.invokeMethod(MethodInvocationHelper.java:85)
	at org.testng.internal.Invoker.invokeMethod(Invoker.java:639)
	at org.testng.internal.Invoker.invokeTestMethod(Invoker.java:816)
	at org.testng.internal.Invoker.invokeTestMethods(Invoker.java:1124)
	at org.testng.internal.TestMethodWorker.invokeTestMethods(TestMethodWorker.java:125)
	at org.testng.internal.TestMethodWorker.run(TestMethodWorker.java:108)
	at org.testng.TestRunner.privateRun(TestRunner.java:774)
	at org.testng.TestRunner.run(TestRunner.java:624)
	at org.testng.SuiteRunner.runTest(SuiteRunner.java:359)
	at org.testng.SuiteRunner.runSequentially(SuiteRunner.java:354)
	at org.testng.SuiteRunner.privateRun(SuiteRunner.java:312)
	at org.testng.SuiteRunner.run(SuiteRunner.java:261)
	at org.testng.SuiteRunnerWorker.runSuite(SuiteRunnerWorker.java:52)
	at org.testng.SuiteRunnerWorker.run(SuiteRunnerWorker.java:86)
	at org.testng.TestNG.runSuitesSequentially(TestNG.java:1215)
	at org.testng.TestNG.runSuitesLocally(TestNG.java:1140)
	at org.testng.TestNG.run(TestNG.java:1048)
	at org.testng.remote.AbstractRemoteTestNG.run(AbstractRemoteTestNG.java:114)
	at org.testng.remote.RemoteTestNG.initAndRun(RemoteTestNG.java:251)
	at org.testng.remote.RemoteTestNG.main(RemoteTestNG.java:77)
]]>
            </full-stacktrace>
          </exception> <!-- org.openqa.selenium.NoSuchFrameException -->
          <reporter-output>
          </reporter-output>
        </test-method> <!-- adddate7 -->
        <test-method status="FAIL" signature="adddate8()[pri:7, instance:com.test.dailypaper.Adddate@26653222]" name="adddate8" duration-ms="3016" started-at="2017-12-07T14:54:26Z" finished-at="2017-12-07T14:54:29Z">
          <exception class="org.openqa.selenium.NoSuchFrameException">
            <message>
              <![CDATA[No frame element found by name or id openinputiframe
Build info: version: '3.6.0', revision: '6fbf3ec767', time: '2017-09-27T16:15:40.131Z'
System info: host: 'DESKTOP-A9JBT3B', ip: '192.168.204.1', os.name: 'Windows 10', os.arch: 'amd64', os.version: '10.0', java.version: '1.8.0_121'
Driver info: driver.version: unknown]]>
            </message>
            <full-stacktrace>
              <![CDATA[org.openqa.selenium.NoSuchFrameException: No frame element found by name or id openinputiframe
Build info: version: '3.6.0', revision: '6fbf3ec767', time: '2017-09-27T16:15:40.131Z'
System info: host: 'DESKTOP-A9JBT3B', ip: '192.168.204.1', os.name: 'Windows 10', os.arch: 'amd64', os.version: '10.0', java.version: '1.8.0_121'
Driver info: driver.version: unknown
	at org.openqa.selenium.remote.RemoteWebDriver$RemoteTargetLocator.frame(RemoteWebDriver.java:925)
	at com.webtest.core.WebDriverEngine.enterFrame(WebDriverEngine.java:44)
	at com.test.dailypaper.Adddate.adddate8(Adddate.java:125)
	at sun.reflect.NativeMethodAccessorImpl.invoke0(Native Method)
	at sun.reflect.NativeMethodAccessorImpl.invoke(Unknown Source)
	at sun.reflect.DelegatingMethodAccessorImpl.invoke(Unknown Source)
	at java.lang.reflect.Method.invoke(Unknown Source)
	at org.testng.internal.MethodInvocationHelper.invokeMethod(MethodInvocationHelper.java:85)
	at org.testng.internal.Invoker.invokeMethod(Invoker.java:639)
	at org.testng.internal.Invoker.invokeTestMethod(Invoker.java:816)
	at org.testng.internal.Invoker.invokeTestMethods(Invoker.java:1124)
	at org.testng.internal.TestMethodWorker.invokeTestMethods(TestMethodWorker.java:125)
	at org.testng.internal.TestMethodWorker.run(TestMethodWorker.java:108)
	at org.testng.TestRunner.privateRun(TestRunner.java:774)
	at org.testng.TestRunner.run(TestRunner.java:624)
	at org.testng.SuiteRunner.runTest(SuiteRunner.java:359)
	at org.testng.SuiteRunner.runSequentially(SuiteRunner.java:354)
	at org.testng.SuiteRunner.privateRun(SuiteRunner.java:312)
	at org.testng.SuiteRunner.run(SuiteRunner.java:261)
	at org.testng.SuiteRunnerWorker.runSuite(SuiteRunnerWorker.java:52)
	at org.testng.SuiteRunnerWorker.run(SuiteRunnerWorker.java:86)
	at org.testng.TestNG.runSuitesSequentially(TestNG.java:1215)
	at org.testng.TestNG.runSuitesLocally(TestNG.java:1140)
	at org.testng.TestNG.run(TestNG.java:1048)
	at org.testng.remote.AbstractRemoteTestNG.run(AbstractRemoteTestNG.java:114)
	at org.testng.remote.RemoteTestNG.initAndRun(RemoteTestNG.java:251)
	at org.testng.remote.RemoteTestNG.main(RemoteTestNG.java:77)
]]>
            </full-stacktrace>
          </exception> <!-- org.openqa.selenium.NoSuchFrameException -->
          <reporter-output>
          </reporter-output>
        </test-method> <!-- adddate8 -->
        <test-method status="FAIL" signature="adddate9()[pri:8, instance:com.test.dailypaper.Adddate@26653222]" name="adddate9" duration-ms="3063" started-at="2017-12-07T14:54:29Z" finished-at="2017-12-07T14:54:33Z">
          <exception class="org.openqa.selenium.NoSuchFrameException">
            <message>
              <![CDATA[No frame element found by name or id openinputiframe
Build info: version: '3.6.0', revision: '6fbf3ec767', time: '2017-09-27T16:15:40.131Z'
System info: host: 'DESKTOP-A9JBT3B', ip: '192.168.204.1', os.name: 'Windows 10', os.arch: 'amd64', os.version: '10.0', java.version: '1.8.0_121'
Driver info: driver.version: unknown]]>
            </message>
            <full-stacktrace>
              <![CDATA[org.openqa.selenium.NoSuchFrameException: No frame element found by name or id openinputiframe
Build info: version: '3.6.0', revision: '6fbf3ec767', time: '2017-09-27T16:15:40.131Z'
System info: host: 'DESKTOP-A9JBT3B', ip: '192.168.204.1', os.name: 'Windows 10', os.arch: 'amd64', os.version: '10.0', java.version: '1.8.0_121'
Driver info: driver.version: unknown
	at org.openqa.selenium.remote.RemoteWebDriver$RemoteTargetLocator.frame(RemoteWebDriver.java:925)
	at com.webtest.core.WebDriverEngine.enterFrame(WebDriverEngine.java:44)
	at com.test.dailypaper.Adddate.adddate9(Adddate.java:141)
	at sun.reflect.NativeMethodAccessorImpl.invoke0(Native Method)
	at sun.reflect.NativeMethodAccessorImpl.invoke(Unknown Source)
	at sun.reflect.DelegatingMethodAccessorImpl.invoke(Unknown Source)
	at java.lang.reflect.Method.invoke(Unknown Source)
	at org.testng.internal.MethodInvocationHelper.invokeMethod(MethodInvocationHelper.java:85)
	at org.testng.internal.Invoker.invokeMethod(Invoker.java:639)
	at org.testng.internal.Invoker.invokeTestMethod(Invoker.java:816)
	at org.testng.internal.Invoker.invokeTestMethods(Invoker.java:1124)
	at org.testng.internal.TestMethodWorker.invokeTestMethods(TestMethodWorker.java:125)
	at org.testng.internal.TestMethodWorker.run(TestMethodWorker.java:108)
	at org.testng.TestRunner.privateRun(TestRunner.java:774)
	at org.testng.TestRunner.run(TestRunner.java:624)
	at org.testng.SuiteRunner.runTest(SuiteRunner.java:359)
	at org.testng.SuiteRunner.runSequentially(SuiteRunner.java:354)
	at org.testng.SuiteRunner.privateRun(SuiteRunner.java:312)
	at org.testng.SuiteRunner.run(SuiteRunner.java:261)
	at org.testng.SuiteRunnerWorker.runSuite(SuiteRunnerWorker.java:52)
	at org.testng.SuiteRunnerWorker.run(SuiteRunnerWorker.java:86)
	at org.testng.TestNG.runSuitesSequentially(TestNG.java:1215)
	at org.testng.TestNG.runSuitesLocally(TestNG.java:1140)
	at org.testng.TestNG.run(TestNG.java:1048)
	at org.testng.remote.AbstractRemoteTestNG.run(AbstractRemoteTestNG.java:114)
	at org.testng.remote.RemoteTestNG.initAndRun(RemoteTestNG.java:251)
	at org.testng.remote.RemoteTestNG.main(RemoteTestNG.java:77)
]]>
            </full-stacktrace>
          </exception> <!-- org.openqa.selenium.NoSuchFrameException -->
          <reporter-output>
          </reporter-output>
        </test-method> <!-- adddate9 -->
        <test-method status="PASS" signature="doAfterMethod()[pri:0, instance:com.test.dailypaper.Adddate@26653222]" name="doAfterMethod" is-config="true" duration-ms="5922" started-at="2017-12-07T14:54:33Z" finished-at="2017-12-07T14:54:38Z">
          <reporter-output>
          </reporter-output>
        </test-method> <!-- doAfterMethod -->
      </class> <!-- com.test.dailypaper.Adddate -->
      <class name="com.test.record.Details">
        <test-method status="PASS" signature="doBeforeMethod()[pri:0, instance:com.test.record.Details@5b275dab]" name="doBeforeMethod" is-config="true" duration-ms="4950" started-at="2017-12-07T14:48:53Z" finished-at="2017-12-07T14:48:58Z">
          <reporter-output>
          </reporter-output>
        </test-method> <!-- doBeforeMethod -->
        <test-method status="PASS" signature="beforeAction()[pri:0, instance:com.test.record.Details@5b275dab]" name="beforeAction" is-config="true" duration-ms="7763" started-at="2017-12-07T14:48:58Z" finished-at="2017-12-07T14:49:06Z">
          <reporter-output>
          </reporter-output>
        </test-method> <!-- beforeAction -->
        <test-method status="PASS" signature="details()[pri:0, instance:com.test.record.Details@5b275dab]" name="details" duration-ms="32709" started-at="2017-12-07T14:49:06Z" finished-at="2017-12-07T14:49:39Z">
          <reporter-output>
          </reporter-output>
        </test-method> <!-- details -->
        <test-method status="PASS" signature="doAfterMethod()[pri:0, instance:com.test.record.Details@5b275dab]" name="doAfterMethod" is-config="true" duration-ms="9544" started-at="2017-12-07T14:49:39Z" finished-at="2017-12-07T14:49:48Z">
          <reporter-output>
          </reporter-output>
        </test-method> <!-- doAfterMethod -->
      </class> <!-- com.test.record.Details -->
      <class name="com.test.paycheck.Tick">
        <test-method status="PASS" signature="doBeforeMethod()[pri:0, instance:com.test.paycheck.Tick@1e88b3c]" name="doBeforeMethod" is-config="true" duration-ms="4967" started-at="2017-12-07T15:00:32Z" finished-at="2017-12-07T15:00:37Z">
          <reporter-output>
          </reporter-output>
        </test-method> <!-- doBeforeMethod -->
        <test-method status="PASS" signature="beforeAction()[pri:0, instance:com.test.paycheck.Tick@1e88b3c]" name="beforeAction" is-config="true" duration-ms="7619" started-at="2017-12-07T15:00:37Z" finished-at="2017-12-07T15:00:44Z">
          <reporter-output>
          </reporter-output>
        </test-method> <!-- beforeAction -->
        <test-method status="PASS" signature="tick1()[pri:0, instance:com.test.paycheck.Tick@1e88b3c]" name="tick1" duration-ms="23108" started-at="2017-12-07T15:00:44Z" finished-at="2017-12-07T15:01:07Z">
          <reporter-output>
          </reporter-output>
        </test-method> <!-- tick1 -->
        <test-method status="PASS" signature="tick2()[pri:0, instance:com.test.paycheck.Tick@1e88b3c]" name="tick2" duration-ms="6615" started-at="2017-12-07T15:01:07Z" finished-at="2017-12-07T15:01:14Z">
          <reporter-output>
          </reporter-output>
        </test-method> <!-- tick2 -->
        <test-method status="PASS" signature="doAfterMethod()[pri:0, instance:com.test.paycheck.Tick@1e88b3c]" name="doAfterMethod" is-config="true" duration-ms="7253" started-at="2017-12-07T15:01:14Z" finished-at="2017-12-07T15:01:21Z">
          <reporter-output>
          </reporter-output>
        </test-method> <!-- doAfterMethod -->
      </class> <!-- com.test.paycheck.Tick -->
      <class name="com.test.record.Update">
        <test-method status="PASS" signature="doBeforeMethod()[pri:0, instance:com.test.record.Update@5e5792a0]" name="doBeforeMethod" is-config="true" duration-ms="6041" started-at="2017-12-07T14:52:36Z" finished-at="2017-12-07T14:52:42Z">
          <reporter-output>
          </reporter-output>
        </test-method> <!-- doBeforeMethod -->
        <test-method status="PASS" signature="beforeAction()[pri:0, instance:com.test.record.Update@5e5792a0]" name="beforeAction" is-config="true" duration-ms="7835" started-at="2017-12-07T14:52:42Z" finished-at="2017-12-07T14:52:50Z">
          <reporter-output>
          </reporter-output>
        </test-method> <!-- beforeAction -->
        <test-method status="PASS" signature="state1()[pri:0, instance:com.test.record.Update@5e5792a0]" name="state1" duration-ms="13224" started-at="2017-12-07T14:52:50Z" finished-at="2017-12-07T14:53:03Z">
          <reporter-output>
          </reporter-output>
        </test-method> <!-- state1 -->
        <test-method status="PASS" signature="state2()[pri:0, instance:com.test.record.Update@5e5792a0]" name="state2" duration-ms="6601" started-at="2017-12-07T14:53:03Z" finished-at="2017-12-07T14:53:10Z">
          <reporter-output>
          </reporter-output>
        </test-method> <!-- state2 -->
        <test-method status="PASS" signature="doAfterMethod()[pri:0, instance:com.test.record.Update@5e5792a0]" name="doAfterMethod" is-config="true" duration-ms="6083" started-at="2017-12-07T14:53:10Z" finished-at="2017-12-07T14:53:16Z">
          <reporter-output>
          </reporter-output>
        </test-method> <!-- doAfterMethod -->
      </class> <!-- com.test.record.Update -->
      <class name="com.test.dailypaper.SearchDataProviderTest">
        <test-method status="PASS" signature="doBeforeMethod()[pri:0, instance:com.test.dailypaper.SearchDataProviderTest@3e6fa38a]" name="doBeforeMethod" is-config="true" duration-ms="4919" started-at="2017-12-07T14:57:40Z" finished-at="2017-12-07T14:57:45Z">
          <reporter-output>
          </reporter-output>
        </test-method> <!-- doBeforeMethod -->
        <test-method status="PASS" signature="beforeAction()[pri:0, instance:com.test.dailypaper.SearchDataProviderTest@3e6fa38a]" name="beforeAction" is-config="true" duration-ms="17661" started-at="2017-12-07T14:57:45Z" finished-at="2017-12-07T14:58:02Z">
          <reporter-output>
          </reporter-output>
        </test-method> <!-- beforeAction -->
        <test-method status="PASS" signature="test1(java.lang.String)[pri:0, instance:com.test.dailypaper.SearchDataProviderTest@3e6fa38a]" name="test1" duration-ms="3363" started-at="2017-12-07T14:58:02Z" data-provider="TD1" finished-at="2017-12-07T14:58:06Z">
          <params>
            <param index="0">
              <value>
                <![CDATA[]]>
              </value>
            </param>
          </params>
          <reporter-output>
          </reporter-output>
        </test-method> <!-- test1 -->
        <test-method status="PASS" signature="test1(java.lang.String)[pri:0, instance:com.test.dailypaper.SearchDataProviderTest@3e6fa38a]" name="test1" duration-ms="3384" started-at="2017-12-07T14:58:06Z" data-provider="TD1" finished-at="2017-12-07T14:58:09Z">
          <params>
            <param index="0">
              <value>
                <![CDATA[]]>
              </value>
            </param>
          </params>
          <reporter-output>
          </reporter-output>
        </test-method> <!-- test1 -->
        <test-method status="PASS" signature="test1(java.lang.String)[pri:0, instance:com.test.dailypaper.SearchDataProviderTest@3e6fa38a]" name="test1" duration-ms="3349" started-at="2017-12-07T14:58:09Z" data-provider="TD1" finished-at="2017-12-07T14:58:12Z">
          <params>
            <param index="0">
              <value>
                <![CDATA[2017-01-05]]>
              </value>
            </param>
          </params>
          <reporter-output>
          </reporter-output>
        </test-method> <!-- test1 -->
        <test-method status="PASS" signature="test1(java.lang.String)[pri:0, instance:com.test.dailypaper.SearchDataProviderTest@3e6fa38a]" name="test1" duration-ms="3316" started-at="2017-12-07T14:58:12Z" data-provider="TD1" finished-at="2017-12-07T14:58:16Z">
          <params>
            <param index="0">
              <value>
                <![CDATA[]]>
              </value>
            </param>
          </params>
          <reporter-output>
          </reporter-output>
        </test-method> <!-- test1 -->
        <test-method status="PASS" signature="test1(java.lang.String)[pri:0, instance:com.test.dailypaper.SearchDataProviderTest@3e6fa38a]" name="test1" duration-ms="3301" started-at="2017-12-07T14:58:16Z" data-provider="TD1" finished-at="2017-12-07T14:58:19Z">
          <params>
            <param index="0">
              <value>
                <![CDATA[%%%]]>
              </value>
            </param>
          </params>
          <reporter-output>
          </reporter-output>
        </test-method> <!-- test1 -->
        <test-method status="PASS" signature="doAfterMethod()[pri:0, instance:com.test.dailypaper.SearchDataProviderTest@3e6fa38a]" name="doAfterMethod" is-config="true" duration-ms="6081" started-at="2017-12-07T14:58:19Z" finished-at="2017-12-07T14:58:25Z">
          <reporter-output>
          </reporter-output>
        </test-method> <!-- doAfterMethod -->
      </class> <!-- com.test.dailypaper.SearchDataProviderTest -->
      <class name="com.test.record.Search">
        <test-method status="PASS" signature="doBeforeMethod()[pri:0, instance:com.test.record.Search@29774679]" name="doBeforeMethod" is-config="true" duration-ms="5008" started-at="2017-12-07T14:50:27Z" finished-at="2017-12-07T14:50:32Z">
          <reporter-output>
          </reporter-output>
        </test-method> <!-- doBeforeMethod -->
        <test-method status="PASS" signature="beforeAction()[pri:0, instance:com.test.record.Search@29774679]" name="beforeAction" is-config="true" duration-ms="7734" started-at="2017-12-07T14:50:32Z" finished-at="2017-12-07T14:50:40Z">
          <reporter-output>
          </reporter-output>
        </test-method> <!-- beforeAction -->
        <test-method status="PASS" signature="searchsuccess()[pri:0, instance:com.test.record.Search@29774679]" name="searchsuccess" duration-ms="13263" started-at="2017-12-07T14:50:40Z" finished-at="2017-12-07T14:50:53Z">
          <reporter-output>
          </reporter-output>
        </test-method> <!-- searchsuccess -->
        <test-method status="PASS" signature="searchfail1()[pri:1, instance:com.test.record.Search@29774679]" name="searchfail1" duration-ms="3363" started-at="2017-12-07T14:50:53Z" finished-at="2017-12-07T14:50:56Z">
          <reporter-output>
          </reporter-output>
        </test-method> <!-- searchfail1 -->
        <test-method status="PASS" signature="searchfail2()[pri:2, instance:com.test.record.Search@29774679]" name="searchfail2" duration-ms="3331" started-at="2017-12-07T14:50:56Z" finished-at="2017-12-07T14:51:00Z">
          <reporter-output>
          </reporter-output>
        </test-method> <!-- searchfail2 -->
        <test-method status="FAIL" signature="searchfail3()[pri:3, instance:com.test.record.Search@29774679]" name="searchfail3" duration-ms="3348" started-at="2017-12-07T14:51:00Z" finished-at="2017-12-07T14:51:03Z">
          <exception class="java.lang.AssertionError">
            <message>
              <![CDATA[expected [true] but found [false]]]>
            </message>
            <full-stacktrace>
              <![CDATA[java.lang.AssertionError: expected [true] but found [false]
	at org.testng.Assert.fail(Assert.java:94)
	at org.testng.Assert.failNotEquals(Assert.java:496)
	at org.testng.Assert.assertTrue(Assert.java:42)
	at org.testng.Assert.assertTrue(Assert.java:52)
	at com.test.record.Search.searchfail3(Search.java:46)
	at sun.reflect.NativeMethodAccessorImpl.invoke0(Native Method)
	at sun.reflect.NativeMethodAccessorImpl.invoke(Unknown Source)
	at sun.reflect.DelegatingMethodAccessorImpl.invoke(Unknown Source)
	at java.lang.reflect.Method.invoke(Unknown Source)
	at org.testng.internal.MethodInvocationHelper.invokeMethod(MethodInvocationHelper.java:85)
	at org.testng.internal.Invoker.invokeMethod(Invoker.java:639)
	at org.testng.internal.Invoker.invokeTestMethod(Invoker.java:816)
	at org.testng.internal.Invoker.invokeTestMethods(Invoker.java:1124)
	at org.testng.internal.TestMethodWorker.invokeTestMethods(TestMethodWorker.java:125)
	at org.testng.internal.TestMethodWorker.run(TestMethodWorker.java:108)
	at org.testng.TestRunner.privateRun(TestRunner.java:774)
	at org.testng.TestRunner.run(TestRunner.java:624)
	at org.testng.SuiteRunner.runTest(SuiteRunner.java:359)
	at org.testng.SuiteRunner.runSequentially(SuiteRunner.java:354)
	at org.testng.SuiteRunner.privateRun(SuiteRunner.java:312)
	at org.testng.SuiteRunner.run(SuiteRunner.java:261)
	at org.testng.SuiteRunnerWorker.runSuite(SuiteRunnerWorker.java:52)
	at org.testng.SuiteRunnerWorker.run(SuiteRunnerWorker.java:86)
	at org.testng.TestNG.runSuitesSequentially(TestNG.java:1215)
	at org.testng.TestNG.runSuitesLocally(TestNG.java:1140)
	at org.testng.TestNG.run(TestNG.java:1048)
	at org.testng.remote.AbstractRemoteTestNG.run(AbstractRemoteTestNG.java:114)
	at org.testng.remote.RemoteTestNG.initAndRun(RemoteTestNG.java:251)
	at org.testng.remote.RemoteTestNG.main(RemoteTestNG.java:77)
]]>
            </full-stacktrace>
          </exception> <!-- java.lang.AssertionError -->
          <reporter-output>
          </reporter-output>
        </test-method> <!-- searchfail3 -->
        <test-method status="PASS" signature="searchfail4()[pri:4, instance:com.test.record.Search@29774679]" name="searchfail4" duration-ms="3316" started-at="2017-12-07T14:51:03Z" finished-at="2017-12-07T14:51:06Z">
          <reporter-output>
          </reporter-output>
        </test-method> <!-- searchfail4 -->
        <test-method status="PASS" signature="doAfterMethod()[pri:0, instance:com.test.record.Search@29774679]" name="doAfterMethod" is-config="true" duration-ms="9530" started-at="2017-12-07T14:51:06Z" finished-at="2017-12-07T14:51:16Z">
          <reporter-output>
          </reporter-output>
        </test-method> <!-- doAfterMethod -->
      </class> <!-- com.test.record.Search -->
      <class name="com.test.dailypaper.Allpaper">
        <test-method status="PASS" signature="doBeforeMethod()[pri:0, instance:com.test.dailypaper.Allpaper@3532ec19]" name="doBeforeMethod" is-config="true" duration-ms="4937" started-at="2017-12-07T14:54:38Z" finished-at="2017-12-07T14:54:43Z">
          <reporter-output>
          </reporter-output>
        </test-method> <!-- doBeforeMethod -->
        <test-method status="PASS" signature="beforeAction()[pri:0, instance:com.test.dailypaper.Allpaper@3532ec19]" name="beforeAction" is-config="true" duration-ms="7752" started-at="2017-12-07T14:54:43Z" finished-at="2017-12-07T14:54:51Z">
          <reporter-output>
          </reporter-output>
        </test-method> <!-- beforeAction -->
        <test-method status="PASS" signature="all1()[pri:0, instance:com.test.dailypaper.Allpaper@3532ec19]" name="all1" duration-ms="13136" started-at="2017-12-07T14:54:51Z" finished-at="2017-12-07T14:55:04Z">
          <reporter-output>
          </reporter-output>
        </test-method> <!-- all1 -->
        <test-method status="PASS" signature="all2()[pri:0, instance:com.test.dailypaper.Allpaper@3532ec19]" name="all2" duration-ms="6617" started-at="2017-12-07T14:55:04Z" depends-on-methods="com.test.dailypaper.Allpaper.all1" finished-at="2017-12-07T14:55:11Z">
          <reporter-output>
          </reporter-output>
        </test-method> <!-- all2 -->
        <test-method status="PASS" signature="all3()[pri:0, instance:com.test.dailypaper.Allpaper@3532ec19]" name="all3" duration-ms="6602" started-at="2017-12-07T14:55:11Z" depends-on-methods="com.test.dailypaper.Allpaper.all2" finished-at="2017-12-07T14:55:17Z">
          <reporter-output>
          </reporter-output>
        </test-method> <!-- all3 -->
        <test-method status="PASS" signature="doAfterMethod()[pri:0, instance:com.test.dailypaper.Allpaper@3532ec19]" name="doAfterMethod" is-config="true" duration-ms="9469" started-at="2017-12-07T14:55:17Z" finished-at="2017-12-07T14:55:27Z">
          <reporter-output>
          </reporter-output>
        </test-method> <!-- doAfterMethod -->
      </class> <!-- com.test.dailypaper.Allpaper -->
      <class name="com.test.record.State">
        <test-method status="PASS" signature="doBeforeMethod()[pri:0, instance:com.test.record.State@3ffc5af1]" name="doBeforeMethod" is-config="true" duration-ms="6131" started-at="2017-12-07T14:51:16Z" finished-at="2017-12-07T14:51:22Z">
          <reporter-output>
          </reporter-output>
        </test-method> <!-- doBeforeMethod -->
        <test-method status="PASS" signature="beforeAction()[pri:0, instance:com.test.record.State@3ffc5af1]" name="beforeAction" is-config="true" duration-ms="7778" started-at="2017-12-07T14:51:22Z" finished-at="2017-12-07T14:51:30Z">
          <reporter-output>
          </reporter-output>
        </test-method> <!-- beforeAction -->
        <test-method status="FAIL" signature="state6()[pri:0, instance:com.test.record.State@3ffc5af1]" name="state6" duration-ms="97" started-at="2017-12-07T14:51:30Z" finished-at="2017-12-07T14:51:30Z">
          <exception class="java.lang.AssertionError">
            <message>
              <![CDATA[expected [true] but found [false]]]>
            </message>
            <full-stacktrace>
              <![CDATA[java.lang.AssertionError: expected [true] but found [false]
	at org.testng.Assert.fail(Assert.java:94)
	at org.testng.Assert.failNotEquals(Assert.java:496)
	at org.testng.Assert.assertTrue(Assert.java:42)
	at org.testng.Assert.assertTrue(Assert.java:52)
	at com.test.record.State.state6(State.java:66)
	at sun.reflect.NativeMethodAccessorImpl.invoke0(Native Method)
	at sun.reflect.NativeMethodAccessorImpl.invoke(Unknown Source)
	at sun.reflect.DelegatingMethodAccessorImpl.invoke(Unknown Source)
	at java.lang.reflect.Method.invoke(Unknown Source)
	at org.testng.internal.MethodInvocationHelper.invokeMethod(MethodInvocationHelper.java:85)
	at org.testng.internal.Invoker.invokeMethod(Invoker.java:639)
	at org.testng.internal.Invoker.invokeTestMethod(Invoker.java:816)
	at org.testng.internal.Invoker.invokeTestMethods(Invoker.java:1124)
	at org.testng.internal.TestMethodWorker.invokeTestMethods(TestMethodWorker.java:125)
	at org.testng.internal.TestMethodWorker.run(TestMethodWorker.java:108)
	at org.testng.TestRunner.privateRun(TestRunner.java:774)
	at org.testng.TestRunner.run(TestRunner.java:624)
	at org.testng.SuiteRunner.runTest(SuiteRunner.java:359)
	at org.testng.SuiteRunner.runSequentially(SuiteRunner.java:354)
	at org.testng.SuiteRunner.privateRun(SuiteRunner.java:312)
	at org.testng.SuiteRunner.run(SuiteRunner.java:261)
	at org.testng.SuiteRunnerWorker.runSuite(SuiteRunnerWorker.java:52)
	at org.testng.SuiteRunnerWorker.run(SuiteRunnerWorker.java:86)
	at org.testng.TestNG.runSuitesSequentially(TestNG.java:1215)
	at org.testng.TestNG.runSuitesLocally(TestNG.java:1140)
	at org.testng.TestNG.run(TestNG.java:1048)
	at org.testng.remote.AbstractRemoteTestNG.run(AbstractRemoteTestNG.java:114)
	at org.testng.remote.RemoteTestNG.initAndRun(RemoteTestNG.java:251)
	at org.testng.remote.RemoteTestNG.main(RemoteTestNG.java:77)
]]>
            </full-stacktrace>
          </exception> <!-- java.lang.AssertionError -->
          <reporter-output>
          </reporter-output>
        </test-method> <!-- state6 -->
        <test-method status="FAIL" signature="state7()[pri:0, instance:com.test.record.State@3ffc5af1]" name="state7" duration-ms="55" started-at="2017-12-07T14:51:30Z" finished-at="2017-12-07T14:51:30Z">
          <exception class="java.lang.AssertionError">
            <message>
              <![CDATA[expected [true] but found [false]]]>
            </message>
            <full-stacktrace>
              <![CDATA[java.lang.AssertionError: expected [true] but found [false]
	at org.testng.Assert.fail(Assert.java:94)
	at org.testng.Assert.failNotEquals(Assert.java:496)
	at org.testng.Assert.assertTrue(Assert.java:42)
	at org.testng.Assert.assertTrue(Assert.java:52)
	at com.test.record.State.state7(State.java:74)
	at sun.reflect.NativeMethodAccessorImpl.invoke0(Native Method)
	at sun.reflect.NativeMethodAccessorImpl.invoke(Unknown Source)
	at sun.reflect.DelegatingMethodAccessorImpl.invoke(Unknown Source)
	at java.lang.reflect.Method.invoke(Unknown Source)
	at org.testng.internal.MethodInvocationHelper.invokeMethod(MethodInvocationHelper.java:85)
	at org.testng.internal.Invoker.invokeMethod(Invoker.java:639)
	at org.testng.internal.Invoker.invokeTestMethod(Invoker.java:816)
	at org.testng.internal.Invoker.invokeTestMethods(Invoker.java:1124)
	at org.testng.internal.TestMethodWorker.invokeTestMethods(TestMethodWorker.java:125)
	at org.testng.internal.TestMethodWorker.run(TestMethodWorker.java:108)
	at org.testng.TestRunner.privateRun(TestRunner.java:774)
	at org.testng.TestRunner.run(TestRunner.java:624)
	at org.testng.SuiteRunner.runTest(SuiteRunner.java:359)
	at org.testng.SuiteRunner.runSequentially(SuiteRunner.java:354)
	at org.testng.SuiteRunner.privateRun(SuiteRunner.java:312)
	at org.testng.SuiteRunner.run(SuiteRunner.java:261)
	at org.testng.SuiteRunnerWorker.runSuite(SuiteRunnerWorker.java:52)
	at org.testng.SuiteRunnerWorker.run(SuiteRunnerWorker.java:86)
	at org.testng.TestNG.runSuitesSequentially(TestNG.java:1215)
	at org.testng.TestNG.runSuitesLocally(TestNG.java:1140)
	at org.testng.TestNG.run(TestNG.java:1048)
	at org.testng.remote.AbstractRemoteTestNG.run(AbstractRemoteTestNG.java:114)
	at org.testng.remote.RemoteTestNG.initAndRun(RemoteTestNG.java:251)
	at org.testng.remote.RemoteTestNG.main(RemoteTestNG.java:77)
]]>
            </full-stacktrace>
          </exception> <!-- java.lang.AssertionError -->
          <reporter-output>
          </reporter-output>
        </test-method> <!-- state7 -->
        <test-method status="PASS" signature="state1()[pri:0, instance:com.test.record.State@3ffc5af1]" name="state1" duration-ms="20087" started-at="2017-12-07T14:51:30Z" finished-at="2017-12-07T14:51:50Z">
          <reporter-output>
          </reporter-output>
        </test-method> <!-- state1 -->
        <test-method status="PASS" signature="state2()[pri:0, instance:com.test.record.State@3ffc5af1]" name="state2" duration-ms="9977" started-at="2017-12-07T14:51:50Z" finished-at="2017-12-07T14:52:00Z">
          <reporter-output>
          </reporter-output>
        </test-method> <!-- state2 -->
        <test-method status="PASS" signature="state3()[pri:0, instance:com.test.record.State@3ffc5af1]" name="state3" duration-ms="9986" started-at="2017-12-07T14:52:00Z" finished-at="2017-12-07T14:52:10Z">
          <reporter-output>
          </reporter-output>
        </test-method> <!-- state3 -->
        <test-method status="PASS" signature="state4()[pri:0, instance:com.test.record.State@3ffc5af1]" name="state4" duration-ms="9970" started-at="2017-12-07T14:52:10Z" finished-at="2017-12-07T14:52:20Z">
          <reporter-output>
          </reporter-output>
        </test-method> <!-- state4 -->
        <test-method status="PASS" signature="state5()[pri:0, instance:com.test.record.State@3ffc5af1]" name="state5" duration-ms="9933" started-at="2017-12-07T14:52:20Z" finished-at="2017-12-07T14:52:30Z">
          <reporter-output>
          </reporter-output>
        </test-method> <!-- state5 -->
        <test-method status="PASS" signature="doAfterMethod()[pri:0, instance:com.test.record.State@3ffc5af1]" name="doAfterMethod" is-config="true" duration-ms="6182" started-at="2017-12-07T14:52:30Z" finished-at="2017-12-07T14:52:36Z">
          <reporter-output>
          </reporter-output>
        </test-method> <!-- doAfterMethod -->
      </class> <!-- com.test.record.State -->
      <class name="com.test.record.Allrecord">
        <test-method status="PASS" signature="doBeforeMethod()[pri:0, instance:com.test.record.Allrecord@4501b7af]" name="doBeforeMethod" is-config="true" duration-ms="4905" started-at="2017-12-07T14:46:43Z" finished-at="2017-12-07T14:46:48Z">
          <reporter-output>
          </reporter-output>
        </test-method> <!-- doBeforeMethod -->
        <test-method status="PASS" signature="beforeAction()[pri:0, instance:com.test.record.Allrecord@4501b7af]" name="beforeAction" is-config="true" duration-ms="7713" started-at="2017-12-07T14:46:48Z" finished-at="2017-12-07T14:46:56Z">
          <reporter-output>
          </reporter-output>
        </test-method> <!-- beforeAction -->
        <test-method status="PASS" signature="all1()[pri:0, instance:com.test.record.Allrecord@4501b7af]" name="all1" duration-ms="13187" started-at="2017-12-07T14:46:56Z" finished-at="2017-12-07T14:47:09Z">
          <reporter-output>
          </reporter-output>
        </test-method> <!-- all1 -->
        <test-method status="PASS" signature="all2()[pri:0, instance:com.test.record.Allrecord@4501b7af]" name="all2" duration-ms="16486" started-at="2017-12-07T14:47:09Z" finished-at="2017-12-07T14:47:26Z">
          <reporter-output>
          </reporter-output>
        </test-method> <!-- all2 -->
        <test-method status="PASS" signature="doAfterMethod()[pri:0, instance:com.test.record.Allrecord@4501b7af]" name="doAfterMethod" is-config="true" duration-ms="5670" started-at="2017-12-07T14:47:26Z" finished-at="2017-12-07T14:47:31Z">
          <reporter-output>
          </reporter-output>
        </test-method> <!-- doAfterMethod -->
      </class> <!-- com.test.record.Allrecord -->
      <class name="com.test.record.Comment">
        <test-method status="PASS" signature="doBeforeMethod()[pri:0, instance:com.test.record.Comment@523884b2]" name="doBeforeMethod" is-config="true" duration-ms="4899" started-at="2017-12-07T14:47:31Z" finished-at="2017-12-07T14:47:36Z">
          <reporter-output>
          </reporter-output>
        </test-method> <!-- doBeforeMethod -->
        <test-method status="PASS" signature="beforeAction()[pri:0, instance:com.test.record.Comment@523884b2]" name="beforeAction" is-config="true" duration-ms="7820" started-at="2017-12-07T14:47:36Z" finished-at="2017-12-07T14:47:44Z">
          <reporter-output>
          </reporter-output>
        </test-method> <!-- beforeAction -->
        <test-method status="PASS" signature="commentyes()[pri:0, instance:com.test.record.Comment@523884b2]" name="commentyes" duration-ms="19851" started-at="2017-12-07T14:47:44Z" finished-at="2017-12-07T14:48:04Z">
          <reporter-output>
          </reporter-output>
        </test-method> <!-- commentyes -->
        <test-method status="PASS" signature="commentno()[pri:1, instance:com.test.record.Comment@523884b2]" name="commentno" duration-ms="3302" started-at="2017-12-07T14:48:04Z" finished-at="2017-12-07T14:48:07Z">
          <reporter-output>
          </reporter-output>
        </test-method> <!-- commentno -->
        <test-method status="PASS" signature="commentinput1()[pri:2, instance:com.test.record.Comment@523884b2]" name="commentinput1" duration-ms="9936" started-at="2017-12-07T14:48:07Z" finished-at="2017-12-07T14:48:17Z">
          <reporter-output>
          </reporter-output>
        </test-method> <!-- commentinput1 -->
        <test-method status="PASS" signature="commentinput2()[pri:3, instance:com.test.record.Comment@523884b2]" name="commentinput2" duration-ms="9900" started-at="2017-12-07T14:48:17Z" finished-at="2017-12-07T14:48:27Z">
          <reporter-output>
          </reporter-output>
        </test-method> <!-- commentinput2 -->
        <test-method status="FAIL" signature="commentinput3()[pri:4, instance:com.test.record.Comment@523884b2]" name="commentinput3" duration-ms="9963" started-at="2017-12-07T14:48:27Z" finished-at="2017-12-07T14:48:37Z">
          <exception class="java.lang.AssertionError">
            <message>
              <![CDATA[expected [true] but found [false]]]>
            </message>
            <full-stacktrace>
              <![CDATA[java.lang.AssertionError: expected [true] but found [false]
	at org.testng.Assert.fail(Assert.java:94)
	at org.testng.Assert.failNotEquals(Assert.java:496)
	at org.testng.Assert.assertTrue(Assert.java:42)
	at org.testng.Assert.assertTrue(Assert.java:52)
	at com.test.record.Comment.commentinput3(Comment.java:59)
	at sun.reflect.NativeMethodAccessorImpl.invoke0(Native Method)
	at sun.reflect.NativeMethodAccessorImpl.invoke(Unknown Source)
	at sun.reflect.DelegatingMethodAccessorImpl.invoke(Unknown Source)
	at java.lang.reflect.Method.invoke(Unknown Source)
	at org.testng.internal.MethodInvocationHelper.invokeMethod(MethodInvocationHelper.java:85)
	at org.testng.internal.Invoker.invokeMethod(Invoker.java:639)
	at org.testng.internal.Invoker.invokeTestMethod(Invoker.java:816)
	at org.testng.internal.Invoker.invokeTestMethods(Invoker.java:1124)
	at org.testng.internal.TestMethodWorker.invokeTestMethods(TestMethodWorker.java:125)
	at org.testng.internal.TestMethodWorker.run(TestMethodWorker.java:108)
	at org.testng.TestRunner.privateRun(TestRunner.java:774)
	at org.testng.TestRunner.run(TestRunner.java:624)
	at org.testng.SuiteRunner.runTest(SuiteRunner.java:359)
	at org.testng.SuiteRunner.runSequentially(SuiteRunner.java:354)
	at org.testng.SuiteRunner.privateRun(SuiteRunner.java:312)
	at org.testng.SuiteRunner.run(SuiteRunner.java:261)
	at org.testng.SuiteRunnerWorker.runSuite(SuiteRunnerWorker.java:52)
	at org.testng.SuiteRunnerWorker.run(SuiteRunnerWorker.java:86)
	at org.testng.TestNG.runSuitesSequentially(TestNG.java:1215)
	at org.testng.TestNG.runSuitesLocally(TestNG.java:1140)
	at org.testng.TestNG.run(TestNG.java:1048)
	at org.testng.remote.AbstractRemoteTestNG.run(AbstractRemoteTestNG.java:114)
	at org.testng.remote.RemoteTestNG.initAndRun(RemoteTestNG.java:251)
	at org.testng.remote.RemoteTestNG.main(RemoteTestNG.java:77)
]]>
            </full-stacktrace>
          </exception> <!-- java.lang.AssertionError -->
          <reporter-output>
          </reporter-output>
        </test-method> <!-- commentinput3 -->
        <test-method status="FAIL" signature="commentinput4()[pri:5, instance:com.test.record.Comment@523884b2]" name="commentinput4" duration-ms="10215" started-at="2017-12-07T14:48:37Z" finished-at="2017-12-07T14:48:47Z">
          <exception class="java.lang.AssertionError">
            <message>
              <![CDATA[expected [true] but found [false]]]>
            </message>
            <full-stacktrace>
              <![CDATA[java.lang.AssertionError: expected [true] but found [false]
	at org.testng.Assert.fail(Assert.java:94)
	at org.testng.Assert.failNotEquals(Assert.java:496)
	at org.testng.Assert.assertTrue(Assert.java:42)
	at org.testng.Assert.assertTrue(Assert.java:52)
	at com.test.record.Comment.commentinput4(Comment.java:72)
	at sun.reflect.NativeMethodAccessorImpl.invoke0(Native Method)
	at sun.reflect.NativeMethodAccessorImpl.invoke(Unknown Source)
	at sun.reflect.DelegatingMethodAccessorImpl.invoke(Unknown Source)
	at java.lang.reflect.Method.invoke(Unknown Source)
	at org.testng.internal.MethodInvocationHelper.invokeMethod(MethodInvocationHelper.java:85)
	at org.testng.internal.Invoker.invokeMethod(Invoker.java:639)
	at org.testng.internal.Invoker.invokeTestMethod(Invoker.java:816)
	at org.testng.internal.Invoker.invokeTestMethods(Invoker.java:1124)
	at org.testng.internal.TestMethodWorker.invokeTestMethods(TestMethodWorker.java:125)
	at org.testng.internal.TestMethodWorker.run(TestMethodWorker.java:108)
	at org.testng.TestRunner.privateRun(TestRunner.java:774)
	at org.testng.TestRunner.run(TestRunner.java:624)
	at org.testng.SuiteRunner.runTest(SuiteRunner.java:359)
	at org.testng.SuiteRunner.runSequentially(SuiteRunner.java:354)
	at org.testng.SuiteRunner.privateRun(SuiteRunner.java:312)
	at org.testng.SuiteRunner.run(SuiteRunner.java:261)
	at org.testng.SuiteRunnerWorker.runSuite(SuiteRunnerWorker.java:52)
	at org.testng.SuiteRunnerWorker.run(SuiteRunnerWorker.java:86)
	at org.testng.TestNG.runSuitesSequentially(TestNG.java:1215)
	at org.testng.TestNG.runSuitesLocally(TestNG.java:1140)
	at org.testng.TestNG.run(TestNG.java:1048)
	at org.testng.remote.AbstractRemoteTestNG.run(AbstractRemoteTestNG.java:114)
	at org.testng.remote.RemoteTestNG.initAndRun(RemoteTestNG.java:251)
	at org.testng.remote.RemoteTestNG.main(RemoteTestNG.java:77)
]]>
            </full-stacktrace>
          </exception> <!-- java.lang.AssertionError -->
          <reporter-output>
          </reporter-output>
        </test-method> <!-- commentinput4 -->
        <test-method status="PASS" signature="doAfterMethod()[pri:0, instance:com.test.record.Comment@523884b2]" name="doAfterMethod" is-config="true" duration-ms="5776" started-at="2017-12-07T14:48:47Z" finished-at="2017-12-07T14:48:53Z">
          <reporter-output>
          </reporter-output>
        </test-method> <!-- doAfterMethod -->
      </class> <!-- com.test.record.Comment -->
      <class name="com.test.login.LoginPageTest">
        <test-method status="PASS" signature="doBeforeMethod()[pri:0, instance:com.test.login.LoginPageTest@59fa1d9b]" name="doBeforeMethod" is-config="true" duration-ms="7332" started-at="2017-12-07T14:45:51Z" finished-at="2017-12-07T14:45:58Z">
          <reporter-output>
          </reporter-output>
        </test-method> <!-- doBeforeMethod -->
        <test-method status="PASS" signature="be()[pri:0, instance:com.test.login.LoginPageTest@59fa1d9b]" name="be" is-config="true" duration-ms="3203" started-at="2017-12-07T14:45:58Z" finished-at="2017-12-07T14:46:01Z">
          <reporter-output>
          </reporter-output>
        </test-method> <!-- be -->
        <test-method status="PASS" signature="test()[pri:0, instance:com.test.login.LoginPageTest@59fa1d9b]" name="test" duration-ms="3627" started-at="2017-12-07T14:46:01Z" finished-at="2017-12-07T14:46:05Z">
          <reporter-output>
          </reporter-output>
        </test-method> <!-- test -->
        <test-method status="PASS" signature="doAfterMethod()[pri:0, instance:com.test.login.LoginPageTest@59fa1d9b]" name="doAfterMethod" is-config="true" duration-ms="9637" started-at="2017-12-07T14:46:05Z" finished-at="2017-12-07T14:46:15Z">
          <reporter-output>
          </reporter-output>
        </test-method> <!-- doAfterMethod -->
      </class> <!-- com.test.login.LoginPageTest -->
      <class name="com.test.dailypaper.Sort">
        <test-method status="PASS" signature="doBeforeMethod()[pri:0, instance:com.test.dailypaper.Sort@27efef64]" name="doBeforeMethod" is-config="true" duration-ms="4991" started-at="2017-12-07T14:56:51Z" finished-at="2017-12-07T14:56:56Z">
          <reporter-output>
          </reporter-output>
        </test-method> <!-- doBeforeMethod -->
        <test-method status="PASS" signature="beforeAction()[pri:0, instance:com.test.dailypaper.Sort@27efef64]" name="beforeAction" is-config="true" duration-ms="7776" started-at="2017-12-07T14:56:56Z" finished-at="2017-12-07T14:57:04Z">
          <reporter-output>
          </reporter-output>
        </test-method> <!-- beforeAction -->
        <test-method status="PASS" signature="sort1()[pri:0, instance:com.test.dailypaper.Sort@27efef64]" name="sort1" duration-ms="16521" started-at="2017-12-07T14:57:04Z" finished-at="2017-12-07T14:57:21Z">
          <reporter-output>
          </reporter-output>
        </test-method> <!-- sort1 -->
        <test-method status="PASS" signature="sort2()[pri:0, instance:com.test.dailypaper.Sort@27efef64]" name="sort2" duration-ms="6617" started-at="2017-12-07T14:57:21Z" depends-on-methods="com.test.dailypaper.Sort.sort1" finished-at="2017-12-07T14:57:27Z">
          <reporter-output>
          </reporter-output>
        </test-method> <!-- sort2 -->
        <test-method status="PASS" signature="sort3()[pri:0, instance:com.test.dailypaper.Sort@27efef64]" name="sort3" duration-ms="6603" started-at="2017-12-07T14:57:27Z" depends-on-methods="com.test.dailypaper.Sort.sort2" finished-at="2017-12-07T14:57:34Z">
          <reporter-output>
          </reporter-output>
        </test-method> <!-- sort3 -->
        <test-method status="PASS" signature="doAfterMethod()[pri:0, instance:com.test.dailypaper.Sort@27efef64]" name="doAfterMethod" is-config="true" duration-ms="5802" started-at="2017-12-07T14:57:34Z" finished-at="2017-12-07T14:57:40Z">
          <reporter-output>
          </reporter-output>
        </test-method> <!-- doAfterMethod -->
      </class> <!-- com.test.dailypaper.Sort -->
    </test> <!-- Test -->
  </suite> <!-- Suite -->
</testng-results>
